magnet:?xt=urn:btih:E84EBAA59820384A9A903779261443DD29DA27EC&dn=HMN-033
magnet:?xt=urn:btih:C3ED47BF96006EFD3EA6943E0D4567209D9D30A9&dn=hmn-032
magnet:?xt=urn:btih:9054886E40CE0C9FCEDBEC6A7F67406355734B63&dn=dasd-910
magnet:?xt=urn:btih:20ADD492991A9C1FAA06BA2F2795E3F4298ACCBB&dn=dasd-908
magnet:?xt=urn:btih:621A83442FE434735BFA2DDDEDBB0C269BA5119F&dn=dasd-906
magnet:?xt=urn:btih:5933E836ADC41B99844D31E32362791D9E89795F&dn=cjod-309
magnet:?xt=urn:btih:369C40F714B2C5C0041C8D96E0F05387FCC4265A&dn=cjod-308
magnet:?xt=urn:btih:0BF5CDF77816CB71D8B298669C723317EB61BFA4&dn=cjod-307
magnet:?xt=urn:btih:F3DA0D24DA99091BF2274F655CF13B0C36C86D08&dn=cawd-259
magnet:?xt=urn:btih:5CE1FDC712BE74852AEE311582343E2FC9DCADF1&dn=ure-070
magnet:?xt=urn:btih:DDE028ACBD6854376E159B3D9215FDD9205443F0&dn=MISM-211
magnet:?xt=urn:btih:F99893EB9FC7606077EAFB67162F80795ACF5386&dn=MISM-210
magnet:?xt=urn:btih:86A1A7EDF1DE64C2794881CE11064D470C8F7D29&dn=MISM-209
magnet:?xt=urn:btih:7CEAC4CAFC7E3779EBE09CE012803F3272658EAF&dn=dasd-911
magnet:?xt=urn:btih:890E51F88BFB79A2F1A26A549604FA4374D3B2B9&dn=etqr-271
magnet:?xt=urn:btih:A93FD8C4A4F5A3BF30575FA518800E883D3C1785&dn=etqr-270
magnet:?xt=urn:btih:DA735D7C6032F2598B8240D3FCF4FFAE5946151D&dn=jrze-070-4k
magnet:?xt=urn:btih:30B9CD44F2D92B1E30D4829A5A6C24EFEC46774C&dn=zozo-075
magnet:?xt=urn:btih:2D1B9E140EF7AB1F5701DCE7766C2BF3BB0A2766&dn=zozo-073
magnet:?xt=urn:btih:8437D375F0615FE25F62B8FBF8456CCCCCE32F8D&dn=-TIKB119
magnet:?xt=urn:btih:5DF3710343A9ABB8DA0BBCE2B33A955D712A48E5&dn=-OMHD010
magnet:?xt=urn:btih:1A47B8CB15E8F56C9AF35E1C8497449739148A90&dn=MOPP-041
magnet:?xt=urn:btih:377BE4197CB0B12B66FC74D4CCC6397513822061&dn=MGMQ-078
magnet:?xt=urn:btih:625BBD9F31E2E37B05618CDDD38F63089201D983&dn=-SKMJ197A
magnet:?xt=urn:btih:8F088971C52464584012C48423D0D5093A820869&dn=FCP-033
magnet:?xt=urn:btih:11DB1A9E10BC4FF62AC7D6BA3ACE80D54B823FBA&dn=-MHAR008
magnet:?xt=urn:btih:5AD7D1A47B12B278843D445CE1D93A494EA761B2&dn=-MHAR007
magnet:?xt=urn:btih:94032E7F505392F138351FCAC347257ED1B2BA90&dn=-NUKAX005
magnet:?xt=urn:btih:723BAB2AEA8B8139E41BB6C8035826CF7C01CACD&dn=NHDTB-562-C
magnet:?xt=urn:btih:8DBB523DFE5B44AD81E50E5FD54CC377E4E8F82D&dn=%E7%AC%AC%E4%B8%80%E6%9C%83%E6%89%80%E6%96%B0%E7%89%87%40SIS001%40SIVR-146-A
magnet:?xt=urn:btih:C3E8DFC0E57E142742DA2D242DD5CB2772BE60B9&dn=%40kavr00177.part1
magnet:?xt=urn:btih:F743552DA8CCA580F8A3F9CB1746A3B47FABEE4E&dn=%40h_1248kiwvr00257.part1
magnet:?xt=urn:btih:60E2125461260C7AB803FCB3064D1ACF499AA396&dn=erht-002
magnet:?xt=urn:btih:308012AE0855936FC5CFC274A94EF644B5EB4402&dn=PARM-167
magnet:?xt=urn:btih:22BDAAC147600BA235E5BB0260D3D05A16A83599&dn=%40h_1248kiwvr00258.part1
magnet:?xt=urn:btih:A349E8726930881B31DEB29C4F4EEDEF29D09C88&dn=%40h_1116capi00165.part1
magnet:?xt=urn:btih:7C7D960203D715489B9819006A88465536F1F67E&dn=%40exvr00429.part1
magnet:?xt=urn:btih:BB7B58261253989EB08BD05A701427220BB4E229&dn=-BNST033
magnet:?xt=urn:btih:931818EDD5F2F084551B335187FF2A0676EF6EE7&dn=-KIRM007
magnet:?xt=urn:btih:BE7D7DDC83B29085059CD4F7B807392F7E9BB5DC&dn=TEN036
magnet:?xt=urn:btih:E645D9CF7C63F61BE5568FF945E040D33AD7C7A3&dn=SPRD1432
magnet:?xt=urn:btih:2E8D807F32EF72970876FF628F9BB875380644C1&dn=MHAR006
magnet:?xt=urn:btih:6D4DA43638922C8060E5473B453B8AA0DDE93130&dn=MHAR005
magnet:?xt=urn:btih:6065F6A6AF6E7BDB0FC4D8E2027DD67DDFC52AB9&dn=%E7%AC%AC%E4%B8%80%E6%9C%83%E6%89%80%E6%96%B0%E7%89%87%40SIS001%40ABW-129
magnet:?xt=urn:btih:366B16AC9A5EC2B6694BCD40EF523215711199EC&dn=ABW-128
magnet:?xt=urn:btih:532E3940303BC1BB1B0118097541AFE7708E12D2&dn=ABW-130
magnet:?xt=urn:btih:BE897D725FC36F4EDC93606F87BC3FEDBC014380&dn=GWREN-001.mp4
magnet:?xt=urn:btih:575D19FCD29005DBC460DA11246CDDEED7A261AA&dn=TUS-099
magnet:?xt=urn:btih:12682020B2E4E4D1FCD08FCD7E5562DF7667B286&dn=PXH-033
magnet:?xt=urn:btih:D10C141AADEFA7287487293CC93D61EB324D6AEF&dn=FCP-034
magnet:?xt=urn:btih:B619B913708F8A89820678CBEFF14EBE6565686E&dn=DOCP-311
magnet:?xt=urn:btih:7CD866EAB605585736FFA98A9B20CB5F8BCCB915&dn=%E7%AC%AC%E4%B8%80%E6%9C%83%E6%89%80%E6%96%B0%E7%89%87%40SIS001%40DOCP-312
magnet:?xt=urn:btih:D619D34A23852944DFAD9B6E3F2469985A6994A2&dn=DOCP-313
magnet:?xt=urn:btih:8F788A5EFE1B9A17F12EE6EC85B7FBB5BF708708&dn=mhar-002
magnet:?xt=urn:btih:3CFA8A49C44EB5D6854432942A1BD57F7DC38B7F&dn=FSDSS-273
magnet:?xt=urn:btih:E4AFB8797EB14D9BE88C1CF8FDEB54F831821377&dn=%5B1080P%5D+FSDSS-272+%E5%B7%A8%E4%B9%B3%E4%B8%8A%E5%8F%B8%E3%81%A8%E7%AB%A5%E8%B2%9E%E9%83%A8%E4%B8%8B%E3%81%8C%E5%87%BA%E5%BC%B5%E5%85%88%E3%81%AE%E7%9B%B8%E9%83%A8%E5%B1%8B%E3%81%A7%E5%87%84%E7%B5%B6%E6%80%A7%E4%BA%A4+%E5%B0%8F%E9%87%8E%E5%A4%95%E5%AD%90
magnet:?xt=urn:btih:94C3F21BD49645D2DC843BBB4FC7324C6425F735&dn=FSDSS-271
magnet:?xt=urn:btih:9C4D115E96D74B20697228811F548245DE6004F7&dn=OVG-179-C
magnet:?xt=urn:btih:540DDF7C24F7151C78DA87F000AC7B74AB44F8E2&dn=GVH-280-C
magnet:?xt=urn:btih:877F5D20FD154159F5C604D11BA8CDBD26A5F90D&dn=GVH-279-C
magnet:?xt=urn:btih:58AE5617AB23819B093D91C409C9E371988A081F&dn=gvh-278
magnet:?xt=urn:btih:21BAFC2B89E520C597E15E7821026C60E19E0E15&dn=gvh-276
magnet:?xt=urn:btih:05E28FCA6A641882A009BC7BED9F1606128C0B19&dn=GVH-275-C
magnet:?xt=urn:btih:72040DF68C8FFDD19F78826D742413D3B96E28AD&dn=GVH-274-C
magnet:?xt=urn:btih:26242AC54A48EE3D114498A07AFDDEABE93636E0&dn=sdth-006
magnet:?xt=urn:btih:D7C0AC88028B789D6411E0D1A8DDF9C03FD700ED&dn=sdjs-124
magnet:?xt=urn:btih:BD36AF1F4FDD170D1B52EF05A2D1AE250EA1950B&dn=stars-418
magnet:?xt=urn:btih:69ADFB3A323890CFD876CBBC0EC67520E68E1285&dn=kuse-023
magnet:?xt=urn:btih:ED2CC4826BEEC0BFF1353D887B6741F7F2699048&dn=stars-410
magnet:?xt=urn:btih:404B1A1F4A068406B3E8E45FF49A73D9645C333A&dn=sdnm-296
magnet:?xt=urn:btih:D934E0526D37AB8DC02BDE4E8AB5697E8F082748&dn=sdab-194
magnet:?xt=urn:btih:56080052D32816061B15FF6BB51BED23FFDE29ED&dn=kire-047
magnet:?xt=urn:btih:E7120F8658CDB6AC11AF9354DD1D0AFD98F8B02E&dn=%E7%AC%AC%E4%B8%80%E6%9C%83%E6%89%80%E6%96%B0%E7%89%87%40SIS001%40aqmb-026
magnet:?xt=urn:btih:37EC020758ACAD2571F7A627D246873AA8112ACE&dn=-DINM632A
magnet:?xt=urn:btih:8B2B1EBFAC03438FADEA8F511DC944A155269097&dn=-DINM630B
magnet:?xt=urn:btih:B508BABC35B4E7108D9EACC0619F33B769F9939C&dn=BDA-144
magnet:?xt=urn:btih:3D603DFDC642B5D3EF209E8BD38A4321988E43B8&dn=BANK-049
magnet:?xt=urn:btih:5E1CBFA42E5917D2C2D6746181906AB96DFE274E&dn=-JJBK046
magnet:?xt=urn:btih:A97977BFB3C897D3F6CECE74C78ED36368688E67&dn=HUNTB+079%E3%80%8E%E3%81%88%E3%81%A3%E3%81%93%E3%82%93%E3%81%AA%E3%81%AB%E8%83%B8%E5%A4%A7%E3%81%8D%E3%81%8B%E3%81%A3%E3%81%9F%E3%82%93%E3%81%A7%E3%81%99%E3%81%8B%EF%BC%9F%E3%80%8F%E5%B7%A8%E4%B9%B3%E3%81%8B%E3%82%82%E2%80%A6%E3%81%A8%E6%80%9D%E3%81%A3%E3%81%A6%E3%81%9F%E3%81%91%E3%81%A9%E3%81%BE%E3%81%95%E3%81%8B%E6%8F%89%E3%82%81%E3%82%8B%E3%83%81%E3%83%A3%E3%83%B3%E3%82%B9%E3%81%8C%EF%BC%81%E5%B7%A8%E4%B9%B3%E9%81%8E%E3%81%8E%E3%82%8B%E8%83%B8%E3%82%92%E6%8F%89%E3%82%81%E3%81%B0%E6%8F%89%E3%82%80%E3%81%BB%E3%81%A9%E3%82%A8%E3%83%AD%E3%81%8F%E3%81%AA%E3%82%8A%E3%83%89%E6%B7%AB%E4%B9%B1%E3%81%AB%EF%BC%81%E3%81%9D%E3%81%97%E3%81%A6
magnet:?xt=urn:btih:42A0B53585E1271000785F3D563B6C5F5DB0F836&dn=HHF-014
magnet:?xt=urn:btih:4DF44EBEA1325B189FCC82A50627562198A1F4B3&dn=-SVOMN166B
magnet:?xt=urn:btih:E0DD7AF495290B88F064B171BB9AD1756183EAEE&dn=FGAN-046
magnet:?xt=urn:btih:D8CAF80A520B198F9AFBFE0C7BBA971B77A03596&dn=FGAN-045
magnet:?xt=urn:btih:033C7FCB709714D358CABD531999DB22D9C6C520&dn=bbs2048.org%40CRVR234-R1_4K
magnet:?xt=urn:btih:74FB51F92F5EDE723F5A25C81CC68F34367A2155&dn=-SWDF010
magnet:?xt=urn:btih:9D629945A2E680D224558617ABCD6838FB404593&dn=%40vrkm00300-R1_4K
magnet:?xt=urn:btih:38991016F7FBA500F09B363DD9F75F80532E734D&dn=%40vrkm00295-R1_4K
magnet:?xt=urn:btih:B2765C4634F224A422BB8568E99B804469F1483E&dn=SVDVD-859
magnet:?xt=urn:btih:1FA016D24541E0598348BE3C0F1023233A6D75C7&dn=acz-023
magnet:?xt=urn:btih:013D01BE5A9479512A6DE8E9B3EF3C4546DDE1DF&dn=xmom-034-4k
magnet:?xt=urn:btih:31962DAF512187C32EF90909E1C9A25258DCE801&dn=DANDY-774
magnet:?xt=urn:btih:DCCD4AD51E5200B02C8FC959E3DADDA27E5297C4&dn=OKS-117
magnet:?xt=urn:btih:319C3B7F1AA535AB0DFDA09773B94794B717782E&dn=OKB-117
magnet:?xt=urn:btih:F4FBF436B77702530A4DB7B54874FCE947C11C40&dn=-KRU126A
magnet:?xt=urn:btih:7D84D8528C5D75ED39DE8FAAF852E9B20FF5FBD1&dn=-KRU125A
magnet:?xt=urn:btih:4C98D86259B890713EB9F5F7025B8424F484AAA8&dn=-KRU124B
magnet:?xt=urn:btih:AB0D9D0E7EEA217B98A8D76C3AA5B594EB753E70&dn=-FFFS030
magnet:?xt=urn:btih:995FE34282AA1791A50754AAAB20905CC6A0F483&dn=-BUR575
magnet:?xt=urn:btih:A10D5CDEE591A01D59784EB9540B6C18CD642459&dn=_acz00043
magnet:?xt=urn:btih:4BCD59B083FB5173F4DE44242551E17D94D4BA3A&dn=_akdl00131b
magnet:?xt=urn:btih:2D7F89B0CD20F214440D14670EBB5C320145806F&dn=OKS-116.mp4
magnet:?xt=urn:btih:5F6F7ED0E71BE13436F2C7E72A107C127CC4ACF4&dn=CHCH-006
magnet:?xt=urn:btih:43D3CBC42C63AF8E2549BB8EB6988F708C917681&dn=SORA-329-C
magnet:?xt=urn:btih:DDF172910880AA0D2BD89DD92918B8ACCF6E70CD&dn=ddhh00031-4K
magnet:?xt=urn:btih:40140B192D311EA4CA9E595C5E493C7AC2ED2C31&dn=SYKH-031-C
magnet:?xt=urn:btih:9EDE01285042FB4D22F43AE377432D8E0B3C12B6&dn=TPPN-203-C
magnet:?xt=urn:btih:53FAA9F229C61172979547708F5986BF1CEC1F89&dn=ofje-327
magnet:?xt=urn:btih:1DFEFA21042C55402DDCC00E89B46D55C6779FC5&dn=ofje-326
magnet:?xt=urn:btih:8DE266D4184F0C88097A4DF792BF23698E4E1432&dn=DVDMS-700
magnet:?xt=urn:btih:0F0F42C296578979AF8D43B551A08F1BB2A7F3B6&dn=-XRL016
magnet:?xt=urn:btih:BE0852507DBBA5318B45FD7DC156D4DE0A30045F&dn=-ZKWD017
magnet:?xt=urn:btih:A30393B7F544354C643FC9EAB80080322BB07ED0&dn=-MESU086
magnet:?xt=urn:btih:C5C68CC94673C7750FE954A9A9C8306952AEB1E3&dn=MMYM-047-C
magnet:?xt=urn:btih:1D948A15A3D169395652692B25D915CD238F9EC6&dn=mmks-015
magnet:?xt=urn:btih:9DD45870D85208BAAF43CFE15EE1093E39961BAE&dn=VENX-068-C
magnet:?xt=urn:btih:3cf9b135b71701bf71e7648289289d2d6b4baabd&dn=venx-067-4k
magnet:?xt=urn:btih:36F419FB4230F319F3D326F84C871DE3A1D2740D&dn=VEMA-168-C
magnet:?xt=urn:btih:4016281E0D836788180017C2A21D38E8763125C4&dn=VEC-491-C
magnet:?xt=urn:btih:EA09369981CC112B07D891AA22DA1C070B61C011&dn=ZOCM-002-C
magnet:?xt=urn:btih:58207A425572FB766D9D67AA1BD696D1418EE394&dn=%E7%AC%AC%E4%B8%80%E6%9C%83%E6%89%80%E6%96%B0%E7%89%87%40SIS001%40SCD-195
magnet:?xt=urn:btih:D3CBCEB5772F95E0E06D5878D38B0ED3C85427D5&dn=MRSS-118-C
magnet:?xt=urn:btih:2CF822955C37B82979145CE43D79240AA7F0B3B7&dn=mkon-059
magnet:?xt=urn:btih:30A74CACAA326D9A80BC01FADA05651DFDF6BCFF&dn=MKD-229
magnet:?xt=urn:btih:5227E22C9D103A98513AA53F92EAE0C230E44406&dn=lzdm-044
magnet:?xt=urn:btih:ADEC25199169ED6328A31E731B211913FFF30DB9&dn=lzdm-043
magnet:?xt=urn:btih:905F90356D6C87C78079174683781510DD801255&dn=ksbj-153ch
magnet:?xt=urn:btih:8D28C59C2A01A3C5DEF3E1FD45E677A73BBF3EFF&dn=KSBJ-152-C
magnet:?xt=urn:btih:89EAA90192F7B47BA20DDFA0F775FEC1FA2AD355&dn=KSBJ-151-C
magnet:?xt=urn:btih:8459BF9FE94129DDB1984891C2953588AF19B468&dn=ksbj-150
magnet:?xt=urn:btih:D8B550AAFAE8A2A26A5F2013D8048E88431FBD66&dn=KAGP-193
magnet:?xt=urn:btih:023480A4381ABECC80F756702029316D113AF6E5&dn=KAGP-192
magnet:?xt=urn:btih:95CFC034FA27B78F9F6B6798D06A74B379C639F4&dn=HALE-006-C
magnet:?xt=urn:btih:56EC0EFCD7B0A9B6634D38A49520CC3A9B3BD6E5&dn=CHCH-009
magnet:?xt=urn:btih:BD81EFDE16875EDE707D5E53AD036E78068FF3EF&dn=BIJN-205-C
magnet:?xt=urn:btih:8FBE0528A2964463E4D31DFA06FAE2AADC805F02&dn=BABM-002-C
magnet:?xt=urn:btih:E11BB61384BD90EAB0E338544E4E407B7AE33684&dn=AQSH-075
magnet:?xt=urn:btih:A27D196535B1E64DAA2B3512F274589E5BE855CC&dn=AQSH-074-C
magnet:?xt=urn:btih:90BF455DBAF03980323D37C050A548DA0E46701D&dn=ONSG-040-C
magnet:?xt=urn:btih:DCF6997741B7322841747B70C3F1B4D83074FF2F&dn=TIKB-118-C
magnet:?xt=urn:btih:746CF138E66039B0DA9969338D49545C1BE4644E&dn=SORA-328-C
magnet:?xt=urn:btih:44952969018D5A9F4355D4A01938941AC16D577B&dn=DDOB-096
magnet:?xt=urn:btih:6133ABCE0F4F152B8DD7B436B5C7C64AAB382C3D&dn=DDK-205-C
magnet:?xt=urn:btih:0E57F2ADEBF905DEC6F3A34F47EE2C59A1A7397B&dn=DDFF-013-C
magnet:?xt=urn:btih:25E11CEB7D0C442901B1C3A6C9BE1E925B554681&dn=BBTU-019
magnet:?xt=urn:btih:E081277899D0C10184F3E417AE9D320198CFB2FE&dn=AARM-009-C
magnet:?xt=urn:btih:0DAAB338050EA8E9F97D7641657560169923EA70&dn=AARM-008-C
magnet:?xt=urn:btih:210881D2C3C19E2474072FD074DA3A94478FDF07&dn=AARM-007-C
magnet:?xt=urn:btih:E84EBAA59820384A9A903779261443DD29DA27EC&dn=HMN-033
magnet:?xt=urn:btih:C3ED47BF96006EFD3EA6943E0D4567209D9D30A9&dn=hmn-032
magnet:?xt=urn:btih:9054886E40CE0C9FCEDBEC6A7F67406355734B63&dn=dasd-910
magnet:?xt=urn:btih:20ADD492991A9C1FAA06BA2F2795E3F4298ACCBB&dn=dasd-908
magnet:?xt=urn:btih:621A83442FE434735BFA2DDDEDBB0C269BA5119F&dn=dasd-906
magnet:?xt=urn:btih:5933E836ADC41B99844D31E32362791D9E89795F&dn=cjod-309
magnet:?xt=urn:btih:369C40F714B2C5C0041C8D96E0F05387FCC4265A&dn=cjod-308
magnet:?xt=urn:btih:0BF5CDF77816CB71D8B298669C723317EB61BFA4&dn=cjod-307
magnet:?xt=urn:btih:F3DA0D24DA99091BF2274F655CF13B0C36C86D08&dn=cawd-259
magnet:?xt=urn:btih:5CE1FDC712BE74852AEE311582343E2FC9DCADF1&dn=ure-070
magnet:?xt=urn:btih:DDE028ACBD6854376E159B3D9215FDD9205443F0&dn=MISM-211
magnet:?xt=urn:btih:F99893EB9FC7606077EAFB67162F80795ACF5386&dn=MISM-210
magnet:?xt=urn:btih:86A1A7EDF1DE64C2794881CE11064D470C8F7D29&dn=MISM-209
magnet:?xt=urn:btih:7CEAC4CAFC7E3779EBE09CE012803F3272658EAF&dn=dasd-911
magnet:?xt=urn:btih:890E51F88BFB79A2F1A26A549604FA4374D3B2B9&dn=etqr-271
magnet:?xt=urn:btih:A93FD8C4A4F5A3BF30575FA518800E883D3C1785&dn=etqr-270
magnet:?xt=urn:btih:DA735D7C6032F2598B8240D3FCF4FFAE5946151D&dn=jrze-070-4k
magnet:?xt=urn:btih:30B9CD44F2D92B1E30D4829A5A6C24EFEC46774C&dn=zozo-075
magnet:?xt=urn:btih:2D1B9E140EF7AB1F5701DCE7766C2BF3BB0A2766&dn=zozo-073
magnet:?xt=urn:btih:8437D375F0615FE25F62B8FBF8456CCCCCE32F8D&dn=-TIKB119
magnet:?xt=urn:btih:5DF3710343A9ABB8DA0BBCE2B33A955D712A48E5&dn=-OMHD010
magnet:?xt=urn:btih:1A47B8CB15E8F56C9AF35E1C8497449739148A90&dn=MOPP-041
magnet:?xt=urn:btih:377BE4197CB0B12B66FC74D4CCC6397513822061&dn=MGMQ-078
magnet:?xt=urn:btih:8F088971C52464584012C48423D0D5093A820869&dn=FCP-033
magnet:?xt=urn:btih:11DB1A9E10BC4FF62AC7D6BA3ACE80D54B823FBA&dn=-MHAR008
magnet:?xt=urn:btih:5AD7D1A47B12B278843D445CE1D93A494EA761B2&dn=-MHAR007
magnet:?xt=urn:btih:94032E7F505392F138351FCAC347257ED1B2BA90&dn=-NUKAX005
magnet:?xt=urn:btih:723BAB2AEA8B8139E41BB6C8035826CF7C01CACD&dn=NHDTB-562-C
magnet:?xt=urn:btih:8DBB523DFE5B44AD81E50E5FD54CC377E4E8F82D&dn=%E7%AC%AC%E4%B8%80%E6%9C%83%E6%89%80%E6%96%B0%E7%89%87%40SIS001%40SIVR-146-A
magnet:?xt=urn:btih:C3E8DFC0E57E142742DA2D242DD5CB2772BE60B9&dn=%40kavr00177.part1
magnet:?xt=urn:btih:F743552DA8CCA580F8A3F9CB1746A3B47FABEE4E&dn=%40h_1248kiwvr00257.part1
magnet:?xt=urn:btih:60E2125461260C7AB803FCB3064D1ACF499AA396&dn=erht-002
magnet:?xt=urn:btih:308012AE0855936FC5CFC274A94EF644B5EB4402&dn=PARM-167
magnet:?xt=urn:btih:22BDAAC147600BA235E5BB0260D3D05A16A83599&dn=%40h_1248kiwvr00258.part1
magnet:?xt=urn:btih:A349E8726930881B31DEB29C4F4EEDEF29D09C88&dn=%40h_1116capi00165.part1
magnet:?xt=urn:btih:7C7D960203D715489B9819006A88465536F1F67E&dn=%40exvr00429.part1
magnet:?xt=urn:btih:BB7B58261253989EB08BD05A701427220BB4E229&dn=-BNST033
magnet:?xt=urn:btih:931818EDD5F2F084551B335187FF2A0676EF6EE7&dn=-KIRM007
magnet:?xt=urn:btih:BE7D7DDC83B29085059CD4F7B807392F7E9BB5DC&dn=TEN036
magnet:?xt=urn:btih:E645D9CF7C63F61BE5568FF945E040D33AD7C7A3&dn=SPRD1432
magnet:?xt=urn:btih:2E8D807F32EF72970876FF628F9BB875380644C1&dn=MHAR006
magnet:?xt=urn:btih:6D4DA43638922C8060E5473B453B8AA0DDE93130&dn=MHAR005
magnet:?xt=urn:btih:6065F6A6AF6E7BDB0FC4D8E2027DD67DDFC52AB9&dn=%E7%AC%AC%E4%B8%80%E6%9C%83%E6%89%80%E6%96%B0%E7%89%87%40SIS001%40ABW-129
magnet:?xt=urn:btih:366B16AC9A5EC2B6694BCD40EF523215711199EC&dn=ABW-128
magnet:?xt=urn:btih:532E3940303BC1BB1B0118097541AFE7708E12D2&dn=ABW-130
magnet:?xt=urn:btih:BE897D725FC36F4EDC93606F87BC3FEDBC014380&dn=GWREN-001.mp4
magnet:?xt=urn:btih:575D19FCD29005DBC460DA11246CDDEED7A261AA&dn=TUS-099
magnet:?xt=urn:btih:12682020B2E4E4D1FCD08FCD7E5562DF7667B286&dn=PXH-033
magnet:?xt=urn:btih:D10C141AADEFA7287487293CC93D61EB324D6AEF&dn=FCP-034
magnet:?xt=urn:btih:B619B913708F8A89820678CBEFF14EBE6565686E&dn=DOCP-311
magnet:?xt=urn:btih:7CD866EAB605585736FFA98A9B20CB5F8BCCB915&dn=%E7%AC%AC%E4%B8%80%E6%9C%83%E6%89%80%E6%96%B0%E7%89%87%40SIS001%40DOCP-312
magnet:?xt=urn:btih:D619D34A23852944DFAD9B6E3F2469985A6994A2&dn=DOCP-313
magnet:?xt=urn:btih:8F788A5EFE1B9A17F12EE6EC85B7FBB5BF708708&dn=mhar-002
magnet:?xt=urn:btih:3CFA8A49C44EB5D6854432942A1BD57F7DC38B7F&dn=FSDSS-273
magnet:?xt=urn:btih:E4AFB8797EB14D9BE88C1CF8FDEB54F831821377&dn=%5B1080P%5D+FSDSS-272+%E5%B7%A8%E4%B9%B3%E4%B8%8A%E5%8F%B8%E3%81%A8%E7%AB%A5%E8%B2%9E%E9%83%A8%E4%B8%8B%E3%81%8C%E5%87%BA%E5%BC%B5%E5%85%88%E3%81%AE%E7%9B%B8%E9%83%A8%E5%B1%8B%E3%81%A7%E5%87%84%E7%B5%B6%E6%80%A7%E4%BA%A4+%E5%B0%8F%E9%87%8E%E5%A4%95%E5%AD%90
magnet:?xt=urn:btih:94C3F21BD49645D2DC843BBB4FC7324C6425F735&dn=FSDSS-271
magnet:?xt=urn:btih:9C4D115E96D74B20697228811F548245DE6004F7&dn=OVG-179-C
magnet:?xt=urn:btih:540DDF7C24F7151C78DA87F000AC7B74AB44F8E2&dn=GVH-280-C
magnet:?xt=urn:btih:877F5D20FD154159F5C604D11BA8CDBD26A5F90D&dn=GVH-279-C
magnet:?xt=urn:btih:58AE5617AB23819B093D91C409C9E371988A081F&dn=gvh-278
magnet:?xt=urn:btih:2643AA443EAED31C6526FD88AE4D3906179BC08D&dn=GVH-277-C
magnet:?xt=urn:btih:21BAFC2B89E520C597E15E7821026C60E19E0E15&dn=gvh-276
magnet:?xt=urn:btih:05E28FCA6A641882A009BC7BED9F1606128C0B19&dn=GVH-275-C
magnet:?xt=urn:btih:72040DF68C8FFDD19F78826D742413D3B96E28AD&dn=GVH-274-C
magnet:?xt=urn:btih:26242AC54A48EE3D114498A07AFDDEABE93636E0&dn=sdth-006
magnet:?xt=urn:btih:D7C0AC88028B789D6411E0D1A8DDF9C03FD700ED&dn=sdjs-124
magnet:?xt=urn:btih:BD36AF1F4FDD170D1B52EF05A2D1AE250EA1950B&dn=stars-418
magnet:?xt=urn:btih:9CC41CCB0085AABA3737B9BF21ECC481F228EE34&dn=kmhrs-048
magnet:?xt=urn:btih:69ADFB3A323890CFD876CBBC0EC67520E68E1285&dn=kuse-023
magnet:?xt=urn:btih:ED2CC4826BEEC0BFF1353D887B6741F7F2699048&dn=stars-410
magnet:?xt=urn:btih:404B1A1F4A068406B3E8E45FF49A73D9645C333A&dn=sdnm-296
magnet:?xt=urn:btih:D934E0526D37AB8DC02BDE4E8AB5697E8F082748&dn=sdab-194
magnet:?xt=urn:btih:56080052D32816061B15FF6BB51BED23FFDE29ED&dn=kire-047
magnet:?xt=urn:btih:E7120F8658CDB6AC11AF9354DD1D0AFD98F8B02E&dn=%E7%AC%AC%E4%B8%80%E6%9C%83%E6%89%80%E6%96%B0%E7%89%87%40SIS001%40aqmb-026
magnet:?xt=urn:btih:37EC020758ACAD2571F7A627D246873AA8112ACE&dn=-DINM632A
magnet:?xt=urn:btih:8B2B1EBFAC03438FADEA8F511DC944A155269097&dn=-DINM630B
magnet:?xt=urn:btih:B508BABC35B4E7108D9EACC0619F33B769F9939C&dn=BDA-144
magnet:?xt=urn:btih:3D603DFDC642B5D3EF209E8BD38A4321988E43B8&dn=BANK-049
magnet:?xt=urn:btih:5E1CBFA42E5917D2C2D6746181906AB96DFE274E&dn=-JJBK046
magnet:?xt=urn:btih:A97977BFB3C897D3F6CECE74C78ED36368688E67&dn=HUNTB+079%E3%80%8E%E3%81%88%E3%81%A3%E3%81%93%E3%82%93%E3%81%AA%E3%81%AB%E8%83%B8%E5%A4%A7%E3%81%8D%E3%81%8B%E3%81%A3%E3%81%9F%E3%82%93%E3%81%A7%E3%81%99%E3%81%8B%EF%BC%9F%E3%80%8F%E5%B7%A8%E4%B9%B3%E3%81%8B%E3%82%82%E2%80%A6%E3%81%A8%E6%80%9D%E3%81%A3%E3%81%A6%E3%81%9F%E3%81%91%E3%81%A9%E3%81%BE%E3%81%95%E3%81%8B%E6%8F%89%E3%82%81%E3%82%8B%E3%83%81%E3%83%A3%E3%83%B3%E3%82%B9%E3%81%8C%EF%BC%81%E5%B7%A8%E4%B9%B3%E9%81%8E%E3%81%8E%E3%82%8B%E8%83%B8%E3%82%92%E6%8F%89%E3%82%81%E3%81%B0%E6%8F%89%E3%82%80%E3%81%BB%E3%81%A9%E3%82%A8%E3%83%AD%E3%81%8F%E3%81%AA%E3%82%8A%E3%83%89%E6%B7%AB%E4%B9%B1%E3%81%AB%EF%BC%81%E3%81%9D%E3%81%97%E3%81%A6
magnet:?xt=urn:btih:42A0B53585E1271000785F3D563B6C5F5DB0F836&dn=HHF-014
magnet:?xt=urn:btih:4DF44EBEA1325B189FCC82A50627562198A1F4B3&dn=-SVOMN166B
magnet:?xt=urn:btih:E0DD7AF495290B88F064B171BB9AD1756183EAEE&dn=FGAN-046
magnet:?xt=urn:btih:D8CAF80A520B198F9AFBFE0C7BBA971B77A03596&dn=FGAN-045
magnet:?xt=urn:btih:033C7FCB709714D358CABD531999DB22D9C6C520&dn=bbs2048.org%40CRVR234-R1_4K
magnet:?xt=urn:btih:74FB51F92F5EDE723F5A25C81CC68F34367A2155&dn=-SWDF010
magnet:?xt=urn:btih:9D629945A2E680D224558617ABCD6838FB404593&dn=%40vrkm00300-R1_4K
magnet:?xt=urn:btih:38991016F7FBA500F09B363DD9F75F80532E734D&dn=%40vrkm00295-R1_4K
magnet:?xt=urn:btih:B2765C4634F224A422BB8568E99B804469F1483E&dn=SVDVD-859
magnet:?xt=urn:btih:1FA016D24541E0598348BE3C0F1023233A6D75C7&dn=acz-023
magnet:?xt=urn:btih:013D01BE5A9479512A6DE8E9B3EF3C4546DDE1DF&dn=xmom-034-4k
magnet:?xt=urn:btih:31962DAF512187C32EF90909E1C9A25258DCE801&dn=DANDY-774
magnet:?xt=urn:btih:DCCD4AD51E5200B02C8FC959E3DADDA27E5297C4&dn=OKS-117
magnet:?xt=urn:btih:319C3B7F1AA535AB0DFDA09773B94794B717782E&dn=OKB-117
magnet:?xt=urn:btih:F4FBF436B77702530A4DB7B54874FCE947C11C40&dn=-KRU126A
magnet:?xt=urn:btih:7D84D8528C5D75ED39DE8FAAF852E9B20FF5FBD1&dn=-KRU125A
magnet:?xt=urn:btih:4C98D86259B890713EB9F5F7025B8424F484AAA8&dn=-KRU124B
magnet:?xt=urn:btih:AB0D9D0E7EEA217B98A8D76C3AA5B594EB753E70&dn=-FFFS030
magnet:?xt=urn:btih:995FE34282AA1791A50754AAAB20905CC6A0F483&dn=-BUR575
magnet:?xt=urn:btih:A10D5CDEE591A01D59784EB9540B6C18CD642459&dn=_acz00043
magnet:?xt=urn:btih:4BCD59B083FB5173F4DE44242551E17D94D4BA3A&dn=_akdl00131b
magnet:?xt=urn:btih:2D7F89B0CD20F214440D14670EBB5C320145806F&dn=OKS-116.mp4
magnet:?xt=urn:btih:5F6F7ED0E71BE13436F2C7E72A107C127CC4ACF4&dn=CHCH-006
magnet:?xt=urn:btih:43D3CBC42C63AF8E2549BB8EB6988F708C917681&dn=SORA-329-C
magnet:?xt=urn:btih:DDF172910880AA0D2BD89DD92918B8ACCF6E70CD&dn=ddhh00031-4K
magnet:?xt=urn:btih:69B5747ADBD56CFBB6B7CC36104357C6335330CF&dn=bbtu-018
magnet:?xt=urn:btih:40140B192D311EA4CA9E595C5E493C7AC2ED2C31&dn=SYKH-031-C
magnet:?xt=urn:btih:9EDE01285042FB4D22F43AE377432D8E0B3C12B6&dn=TPPN-203-C
magnet:?xt=urn:btih:53FAA9F229C61172979547708F5986BF1CEC1F89&dn=ofje-327
magnet:?xt=urn:btih:1DFEFA21042C55402DDCC00E89B46D55C6779FC5&dn=ofje-326
magnet:?xt=urn:btih:8DE266D4184F0C88097A4DF792BF23698E4E1432&dn=DVDMS-700
magnet:?xt=urn:btih:0F0F42C296578979AF8D43B551A08F1BB2A7F3B6&dn=-XRL016
magnet:?xt=urn:btih:BE0852507DBBA5318B45FD7DC156D4DE0A30045F&dn=-ZKWD017
magnet:?xt=urn:btih:A30393B7F544354C643FC9EAB80080322BB07ED0&dn=-MESU086
magnet:?xt=urn:btih:C5C68CC94673C7750FE954A9A9C8306952AEB1E3&dn=MMYM-047-C
magnet:?xt=urn:btih:1D948A15A3D169395652692B25D915CD238F9EC6&dn=mmks-015
magnet:?xt=urn:btih:9DD45870D85208BAAF43CFE15EE1093E39961BAE&dn=VENX-068-C
magnet:?xt=urn:btih:3cf9b135b71701bf71e7648289289d2d6b4baabd&dn=venx-067-4k
magnet:?xt=urn:btih:36F419FB4230F319F3D326F84C871DE3A1D2740D&dn=VEMA-168-C
magnet:?xt=urn:btih:4016281E0D836788180017C2A21D38E8763125C4&dn=VEC-491-C
magnet:?xt=urn:btih:EA09369981CC112B07D891AA22DA1C070B61C011&dn=ZOCM-002-C
magnet:?xt=urn:btih:58207A425572FB766D9D67AA1BD696D1418EE394&dn=%E7%AC%AC%E4%B8%80%E6%9C%83%E6%89%80%E6%96%B0%E7%89%87%40SIS001%40SCD-195
magnet:?xt=urn:btih:D3CBCEB5772F95E0E06D5878D38B0ED3C85427D5&dn=MRSS-118-C
magnet:?xt=urn:btih:2CF822955C37B82979145CE43D79240AA7F0B3B7&dn=mkon-059
magnet:?xt=urn:btih:30A74CACAA326D9A80BC01FADA05651DFDF6BCFF&dn=MKD-229
magnet:?xt=urn:btih:5227E22C9D103A98513AA53F92EAE0C230E44406&dn=lzdm-044
magnet:?xt=urn:btih:ADEC25199169ED6328A31E731B211913FFF30DB9&dn=lzdm-043
magnet:?xt=urn:btih:905F90356D6C87C78079174683781510DD801255&dn=ksbj-153ch
magnet:?xt=urn:btih:8D28C59C2A01A3C5DEF3E1FD45E677A73BBF3EFF&dn=KSBJ-152-C
magnet:?xt=urn:btih:89EAA90192F7B47BA20DDFA0F775FEC1FA2AD355&dn=KSBJ-151-C
magnet:?xt=urn:btih:8459BF9FE94129DDB1984891C2953588AF19B468&dn=ksbj-150
magnet:?xt=urn:btih:D8B550AAFAE8A2A26A5F2013D8048E88431FBD66&dn=KAGP-193
magnet:?xt=urn:btih:023480A4381ABECC80F756702029316D113AF6E5&dn=KAGP-192
magnet:?xt=urn:btih:95CFC034FA27B78F9F6B6798D06A74B379C639F4&dn=HALE-006-C
magnet:?xt=urn:btih:56EC0EFCD7B0A9B6634D38A49520CC3A9B3BD6E5&dn=CHCH-009
magnet:?xt=urn:btih:BD81EFDE16875EDE707D5E53AD036E78068FF3EF&dn=BIJN-205-C
magnet:?xt=urn:btih:8FBE0528A2964463E4D31DFA06FAE2AADC805F02&dn=BABM-002-C
magnet:?xt=urn:btih:E11BB61384BD90EAB0E338544E4E407B7AE33684&dn=AQSH-075
magnet:?xt=urn:btih:A27D196535B1E64DAA2B3512F274589E5BE855CC&dn=AQSH-074-C
magnet:?xt=urn:btih:90BF455DBAF03980323D37C050A548DA0E46701D&dn=ONSG-040-C
magnet:?xt=urn:btih:DCF6997741B7322841747B70C3F1B4D83074FF2F&dn=TIKB-118-C
magnet:?xt=urn:btih:746CF138E66039B0DA9969338D49545C1BE4644E&dn=SORA-328-C
magnet:?xt=urn:btih:44952969018D5A9F4355D4A01938941AC16D577B&dn=DDOB-096
magnet:?xt=urn:btih:6133ABCE0F4F152B8DD7B436B5C7C64AAB382C3D&dn=DDK-205-C
magnet:?xt=urn:btih:0E57F2ADEBF905DEC6F3A34F47EE2C59A1A7397B&dn=DDFF-013-C
magnet:?xt=urn:btih:E081277899D0C10184F3E417AE9D320198CFB2FE&dn=AARM-009-C
magnet:?xt=urn:btih:0DAAB338050EA8E9F97D7641657560169923EA70&dn=AARM-008-C
magnet:?xt=urn:btih:210881D2C3C19E2474072FD074DA3A94478FDF07&dn=AARM-007-C
magnet:?xt=urn:btih:40505D2D06E6726CAA680AE202B5111280C61286&dn=enki-040
magnet:?xt=urn:btih:E8BA63100806A38857A55A99D160EC2BD468EE90&dn=mkon-060
magnet:?xt=urn:btih:66C168FD8DB8616D7CCF88CB4C9B864576C38CB0&dn=homa-108
magnet:?xt=urn:btih:A8ABFBEB3B358769C63EFD9B68A3F64AEBE6AAE8&dn=cemd-050
magnet:?xt=urn:btih:BF64D71619DFA1E6C018BE0F4FFCB691FD33AF58&dn=CEMD-049.mp4
magnet:?xt=urn:btih:F0CCC108A9F446E596F827F10D2C037E23138E15&dn=CEMD-047.mp4
magnet:?xt=urn:btih:010CFB4722CD9C08260AB785D900F9D721741B05&dn=apns-254
magnet:?xt=urn:btih:53A8FDEA9E269DE23A2FF0F3B155059D2512E35F&dn=KATU-087.mp4
magnet:?xt=urn:btih:1D2219E818397F3C2659DC62F808450CB9CF6CD9&dn=flav-278
magnet:?xt=urn:btih:F489C04F5C2289BDA4F9E2C983C1B069BE875F67&dn=AVSA-177.mp4
magnet:?xt=urn:btih:957ADE3453769CF512ABB15904DA5991463B4DFB&dn=GMEM-040.mp4
magnet:?xt=urn:btih:39B6C7E133DB33BD63B0DC242256BA5E011D0EC0&dn=roe-006
magnet:?xt=urn:btih:1509884DF969B6BC75B35411F5E2E407718B3317&dn=roe-005
magnet:?xt=urn:btih:3B2647441FF6962676E75AF90C75C947CA72AE98&dn=KIR-042
magnet:?xt=urn:btih:97688C6517F76D325959EB0F4337349D3820649C&dn=NNPJ-466
magnet:?xt=urn:btih:121F3E28AABBE17434483473B3CCAEEC92E70C32&dn=nnpj-464
magnet:?xt=urn:btih:0B93419858E427BFDAA5E7B88249824DDAD64264&dn=NNPJ-463
magnet:?xt=urn:btih:B4D6CE4C5A02DD852B31EC0647D6D8E8402DB0ED&dn=HZGD-196
magnet:?xt=urn:btih:36D1CA815677ADD5135BEC02B4C13C40C2DD0F5E&dn=jul-692
magnet:?xt=urn:btih:A41700DCDE873D81951686BED387F4F6709CCC14&dn=HZGD-195
magnet:?xt=urn:btih:E6F504FD7BEC238BEA20BE61A8C84EEEC1ED2ED2&dn=jul-691
magnet:?xt=urn:btih:AB418E468ADB2A1024259C12ED71704AA46BC9D6&dn=jul-690
magnet:?xt=urn:btih:F4EE457C7FED3D263ECFBC39BC38848BBC43F77D&dn=jul-689
magnet:?xt=urn:btih:475A44E0C8069011BD428DD45C5212190783F028&dn=jul-688
magnet:?xt=urn:btih:25646416575D58331DC4842C3BCFDA7D7B245843&dn=jul-687
magnet:?xt=urn:btih:CDB415568B3A5F698A36785D6633DE780EDA7A92&dn=jul-686
magnet:?xt=urn:btih:2483F15451879BE81A7272768D608B09582EC278&dn=jul-685
magnet:?xt=urn:btih:E9780728521E2258B8DD2AB8977DFF66AFA9BA72&dn=jul-684
magnet:?xt=urn:btih:0D476ECBDD2C031E811D9CF6DD2A34DED6044EC0&dn=jul-683
magnet:?xt=urn:btih:045241840C6B45E05242909472AD0E1FCB260332&dn=jul-682
magnet:?xt=urn:btih:F2C47861B78A67658CA98741478A54C59A5C45DE&dn=jul-681
magnet:?xt=urn:btih:D2F7BBB06548F5C4C402C1F38439605A03DF62D9&dn=jul-680
magnet:?xt=urn:btih:CE6E8D93358568103ED7E65888EBB5B5FE984DF7&dn=jul-679
magnet:?xt=urn:btih:F19D6DDE984CF0207B098074A1F93F3C86FC8A7B&dn=jul-678
magnet:?xt=urn:btih:C3A3BC6FB254414ED127087234647EF65B9002CE&dn=jul-677
magnet:?xt=urn:btih:A8AE72700A6C7EEB1B68A808D34BA27E5A4050EC&dn=hnds-071
magnet:?xt=urn:btih:D105A02957ECCF43FD13B232636F22ED25C7513E&dn=hmn-038
magnet:?xt=urn:btih:4F66F18B6BE2423D0BB9B33B04FA5EA82B9CC4B8&dn=hmn-037
magnet:?xt=urn:btih:C5F8016A6B4DCDD75D6635E1D81BEA5E2D74A708&dn=hmn-036
magnet:?xt=urn:btih:E7BEC86BE6C269BD0670C257217B094F3571B61E&dn=hmn-035
magnet:?xt=urn:btih:DB5784F0486E389D9CDEF18757D22950F21C5402&dn=hmn-034
magnet:?xt=urn:btih:3CC43028A79E3D6FBB01CFE386D1BAEF6E777A08&dn=hmn-031
magnet:?xt=urn:btih:84AAFADA10241C873F6026FB8EA362CDB75658B9&dn=hmn-030
magnet:?xt=urn:btih:815F924C0F35E6B5CA847F73EE6144E4D2F0D8A4&dn=hmn-029
magnet:?xt=urn:btih:9571840AA7BABF8CC228E91B720CDBE6462C52A6&dn=hmn-028
magnet:?xt=urn:btih:EF7107D193E50072B3E78C8A4D73E000316B5FA5&dn=hmn-027
magnet:?xt=urn:btih:BCB7B385D6EA157B62C02E97539E8B11A6B21236&dn=hmn-026
magnet:?xt=urn:btih:719197FCAD27F5237975CAAFCB1FA2FDA2C336C0&dn=dasd-907
magnet:?xt=urn:btih:05B294FB40B09C5850C881988F4296D87CA0B95E&dn=dasd-905
magnet:?xt=urn:btih:2E759C6B369A3AC4E138CE7BAA9D9810D13E920C&dn=cawd-275
magnet:?xt=urn:btih:CC995AE0B00DD4F8542E3E19C70C51FE07DEB033&dn=cawd-274
magnet:?xt=urn:btih:61BE478F0DAD9287F3DD5C9F820A1157258894E3&dn=cawd-270
magnet:?xt=urn:btih:DEE60296B873C78E4EF2CFEA6847F0B5603F18C8&dn=cawd-269
magnet:?xt=urn:btih:262014E0473F42495AC6AF41806566E1E5813438&dn=cawd-267
magnet:?xt=urn:btih:5CB7FDF8840D380DD7F636BADEE3253EAC8D318A&dn=cawd-266
magnet:?xt=urn:btih:DC40BFE6635F98B65695F6062F26BC4AB9D30466&dn=cawd-265
magnet:?xt=urn:btih:7E96BBA2722D25C91A6A0CE31546B163ECC193B1&dn=cawd-264
magnet:?xt=urn:btih:E47E0FC59B2A04A4A3CEACE5392E32559CC09F71&dn=cawd-263
magnet:?xt=urn:btih:39977E14575F6A9459DB6A54D782441C03FC7DC0&dn=cawd-262
magnet:?xt=urn:btih:97F12C4BBE6BF5EAE6578D25FF2F774F54D0243F&dn=cawd-261
magnet:?xt=urn:btih:53DFA589A89A07FA2FB8CDB5284D456E354DC36B&dn=CAWD-260-C
magnet:?xt=urn:btih:7A2E9A6601DD6D02224827937676AF4768DBD20C&dn=dasd-909
magnet:?xt=urn:btih:E9CCE1F4CEF53B63DDE2B185A735D851491B8D89&dn=akdl-133
magnet:?xt=urn:btih:630E0888AF9906EA8EB33551F3C30B0A10D11BEA&dn=akdl-134
magnet:?xt=urn:btih:DD3332D1C1047F91B80C330956A035B1AD547427&dn=akdl-132
magnet:?xt=urn:btih:1169D994DF4C6BD20F7C412E50D57425A8A95651&dn=JRZE-071
magnet:?xt=urn:btih:B9B7ED17D7E6F354C53000CC516815E8953AF26E&dn=HTHD-189
magnet:?xt=urn:btih:FCB8AAD4978F3E9E12B51E447305F9E785E81CE8&dn=cvdx-460
magnet:?xt=urn:btih:59AEDAC01B82833374FA8F602C5DD63057EB9A69&dn=rvg-139
magnet:?xt=urn:btih:A6467F1AF32B4B588A018A014F130A3E8D5B300A&dn=rvg-138
magnet:?xt=urn:btih:764F9DDB97DAC50F4E139C4086FF1386BE174398&dn=HD_STARS-387
magnet:?xt=urn:btih:CC08741C35B1CB32925D61F3AC14FE70BBC53034&dn=-FCP-032
magnet:?xt=urn:btih:F33B0E1155252C18BC45FEF2E573AA0BB394F19A&dn=h_1270ccvr00076pl
magnet:?xt=urn:btih:14DEBD12E3F5A080809616564544ABD0BB59481A&dn=1dlvss00001pl
magnet:?xt=urn:btih:4BB44581A79EA6C987B6746A5F47D30F1BDE8333&dn=%E7%AC%AC%E4%B8%80%E6%9C%83%E6%89%80%E6%96%B0%E7%89%87%40SIS001%40NKKVR-009-A
magnet:?xt=urn:btih:EDF4A3BD8C768F396CC30CBEAF89EBF1AF46DEE5&dn=mdvr00171pl
magnet:?xt=urn:btih:1D1050BEAFC06AC4D4C16FFA79A692BE4E57FF0C&dn=%E7%AC%AC%E4%B8%80%E6%9C%83%E6%89%80%E6%96%B0%E7%89%87%40SIS001%40JUVR-117-A
magnet:?xt=urn:btih:E51C49696403C9D26DA4BF59CBF7C0AB02CFEA43&dn=-NSM031
magnet:?xt=urn:btih:608185AEF8CD5A166FF1DE5C3C85B3CF2F84222B&dn=wavr00182pl
magnet:?xt=urn:btih:D8C3DF0AFBB1E7E97491BBE96530ECD07EBDBF70&dn=-SS152
magnet:?xt=urn:btih:886AA7D910B9B3C4AA8B10E40A6BAEE7F49FA4F4&dn=_macb00025
magnet:?xt=urn:btih:E84EBAA59820384A9A903779261443DD29DA27EC&dn=HMN-033
magnet:?xt=urn:btih:C3ED47BF96006EFD3EA6943E0D4567209D9D30A9&dn=hmn-032
magnet:?xt=urn:btih:9054886E40CE0C9FCEDBEC6A7F67406355734B63&dn=dasd-910
magnet:?xt=urn:btih:20ADD492991A9C1FAA06BA2F2795E3F4298ACCBB&dn=dasd-908
magnet:?xt=urn:btih:621A83442FE434735BFA2DDDEDBB0C269BA5119F&dn=dasd-906
magnet:?xt=urn:btih:5933E836ADC41B99844D31E32362791D9E89795F&dn=cjod-309
magnet:?xt=urn:btih:369C40F714B2C5C0041C8D96E0F05387FCC4265A&dn=cjod-308
magnet:?xt=urn:btih:0BF5CDF77816CB71D8B298669C723317EB61BFA4&dn=cjod-307
magnet:?xt=urn:btih:3910EE633D94EC7FCB98F7D000DCB7E835EF259C&dn=cawd-259-C
magnet:?xt=urn:btih:5CE1FDC712BE74852AEE311582343E2FC9DCADF1&dn=ure-070
magnet:?xt=urn:btih:BC453E38C5971CE65FF361CBE7FE673A6831411F&dn=mism-211
magnet:?xt=urn:btih:0C9C246136B0B4AF28E6A9E5203973ED079CB214&dn=mism-210
magnet:?xt=urn:btih:BB459AC94B45D7DCDFC8B08F94C9139F20355653&dn=mism-209
magnet:?xt=urn:btih:7CEAC4CAFC7E3779EBE09CE012803F3272658EAF&dn=dasd-911
magnet:?xt=urn:btih:890E51F88BFB79A2F1A26A549604FA4374D3B2B9&dn=etqr-271
magnet:?xt=urn:btih:A93FD8C4A4F5A3BF30575FA518800E883D3C1785&dn=etqr-270
magnet:?xt=urn:btih:DA735D7C6032F2598B8240D3FCF4FFAE5946151D&dn=jrze-070-4k
magnet:?xt=urn:btih:30B9CD44F2D92B1E30D4829A5A6C24EFEC46774C&dn=zozo-075
magnet:?xt=urn:btih:2D1B9E140EF7AB1F5701DCE7766C2BF3BB0A2766&dn=zozo-073
magnet:?xt=urn:btih:8437D375F0615FE25F62B8FBF8456CCCCCE32F8D&dn=-TIKB119
magnet:?xt=urn:btih:5DF3710343A9ABB8DA0BBCE2B33A955D712A48E5&dn=-OMHD010
magnet:?xt=urn:btih:1A47B8CB15E8F56C9AF35E1C8497449739148A90&dn=MOPP-041
magnet:?xt=urn:btih:377BE4197CB0B12B66FC74D4CCC6397513822061&dn=MGMQ-078
magnet:?xt=urn:btih:625BBD9F31E2E37B05618CDDD38F63089201D983&dn=-SKMJ197A
magnet:?xt=urn:btih:8F088971C52464584012C48423D0D5093A820869&dn=FCP-033
magnet:?xt=urn:btih:11DB1A9E10BC4FF62AC7D6BA3ACE80D54B823FBA&dn=-MHAR008
magnet:?xt=urn:btih:5AD7D1A47B12B278843D445CE1D93A494EA761B2&dn=-MHAR007
magnet:?xt=urn:btih:94032E7F505392F138351FCAC347257ED1B2BA90&dn=-NUKAX005
magnet:?xt=urn:btih:723BAB2AEA8B8139E41BB6C8035826CF7C01CACD&dn=NHDTB-562-C
magnet:?xt=urn:btih:8DBB523DFE5B44AD81E50E5FD54CC377E4E8F82D&dn=%E7%AC%AC%E4%B8%80%E6%9C%83%E6%89%80%E6%96%B0%E7%89%87%40SIS001%40SIVR-146-A
magnet:?xt=urn:btih:C3E8DFC0E57E142742DA2D242DD5CB2772BE60B9&dn=%40kavr00177.part1
magnet:?xt=urn:btih:F743552DA8CCA580F8A3F9CB1746A3B47FABEE4E&dn=%40h_1248kiwvr00257.part1
magnet:?xt=urn:btih:60E2125461260C7AB803FCB3064D1ACF499AA396&dn=erht-002
magnet:?xt=urn:btih:308012AE0855936FC5CFC274A94EF644B5EB4402&dn=PARM-167
magnet:?xt=urn:btih:22BDAAC147600BA235E5BB0260D3D05A16A83599&dn=%40h_1248kiwvr00258.part1
magnet:?xt=urn:btih:A349E8726930881B31DEB29C4F4EEDEF29D09C88&dn=%40h_1116capi00165.part1
magnet:?xt=urn:btih:7C7D960203D715489B9819006A88465536F1F67E&dn=%40exvr00429.part1
magnet:?xt=urn:btih:BB7B58261253989EB08BD05A701427220BB4E229&dn=-BNST033
magnet:?xt=urn:btih:931818EDD5F2F084551B335187FF2A0676EF6EE7&dn=-KIRM007
magnet:?xt=urn:btih:BE7D7DDC83B29085059CD4F7B807392F7E9BB5DC&dn=TEN036
magnet:?xt=urn:btih:E645D9CF7C63F61BE5568FF945E040D33AD7C7A3&dn=SPRD1432
magnet:?xt=urn:btih:2E8D807F32EF72970876FF628F9BB875380644C1&dn=MHAR006
magnet:?xt=urn:btih:6D4DA43638922C8060E5473B453B8AA0DDE93130&dn=MHAR005
magnet:?xt=urn:btih:6065F6A6AF6E7BDB0FC4D8E2027DD67DDFC52AB9&dn=%E7%AC%AC%E4%B8%80%E6%9C%83%E6%89%80%E6%96%B0%E7%89%87%40SIS001%40ABW-129
magnet:?xt=urn:btih:366B16AC9A5EC2B6694BCD40EF523215711199EC&dn=ABW-128
magnet:?xt=urn:btih:532E3940303BC1BB1B0118097541AFE7708E12D2&dn=ABW-130
magnet:?xt=urn:btih:BE897D725FC36F4EDC93606F87BC3FEDBC014380&dn=GWREN-001.mp4
magnet:?xt=urn:btih:575D19FCD29005DBC460DA11246CDDEED7A261AA&dn=TUS-099
magnet:?xt=urn:btih:12682020B2E4E4D1FCD08FCD7E5562DF7667B286&dn=PXH-033
magnet:?xt=urn:btih:D10C141AADEFA7287487293CC93D61EB324D6AEF&dn=FCP-034
magnet:?xt=urn:btih:B619B913708F8A89820678CBEFF14EBE6565686E&dn=DOCP-311
magnet:?xt=urn:btih:D619D34A23852944DFAD9B6E3F2469985A6994A2&dn=DOCP-313
magnet:?xt=urn:btih:8F788A5EFE1B9A17F12EE6EC85B7FBB5BF708708&dn=mhar-002
magnet:?xt=urn:btih:3CFA8A49C44EB5D6854432942A1BD57F7DC38B7F&dn=FSDSS-273
magnet:?xt=urn:btih:E4AFB8797EB14D9BE88C1CF8FDEB54F831821377&dn=%5B1080P%5D+FSDSS-272+%E5%B7%A8%E4%B9%B3%E4%B8%8A%E5%8F%B8%E3%81%A8%E7%AB%A5%E8%B2%9E%E9%83%A8%E4%B8%8B%E3%81%8C%E5%87%BA%E5%BC%B5%E5%85%88%E3%81%AE%E7%9B%B8%E9%83%A8%E5%B1%8B%E3%81%A7%E5%87%84%E7%B5%B6%E6%80%A7%E4%BA%A4+%E5%B0%8F%E9%87%8E%E5%A4%95%E5%AD%90
magnet:?xt=urn:btih:94C3F21BD49645D2DC843BBB4FC7324C6425F735&dn=FSDSS-271
magnet:?xt=urn:btih:9C4D115E96D74B20697228811F548245DE6004F7&dn=OVG-179-C
magnet:?xt=urn:btih:540DDF7C24F7151C78DA87F000AC7B74AB44F8E2&dn=GVH-280-C
magnet:?xt=urn:btih:877F5D20FD154159F5C604D11BA8CDBD26A5F90D&dn=GVH-279-C
magnet:?xt=urn:btih:58AE5617AB23819B093D91C409C9E371988A081F&dn=gvh-278
magnet:?xt=urn:btih:2643AA443EAED31C6526FD88AE4D3906179BC08D&dn=GVH-277-C
magnet:?xt=urn:btih:21BAFC2B89E520C597E15E7821026C60E19E0E15&dn=gvh-276
magnet:?xt=urn:btih:05E28FCA6A641882A009BC7BED9F1606128C0B19&dn=GVH-275-C
magnet:?xt=urn:btih:72040DF68C8FFDD19F78826D742413D3B96E28AD&dn=GVH-274-C
magnet:?xt=urn:btih:26242AC54A48EE3D114498A07AFDDEABE93636E0&dn=sdth-006
magnet:?xt=urn:btih:D7C0AC88028B789D6411E0D1A8DDF9C03FD700ED&dn=sdjs-124
magnet:?xt=urn:btih:BD36AF1F4FDD170D1B52EF05A2D1AE250EA1950B&dn=stars-418
magnet:?xt=urn:btih:9CC41CCB0085AABA3737B9BF21ECC481F228EE34&dn=kmhrs-048
magnet:?xt=urn:btih:40505D2D06E6726CAA680AE202B5111280C61286&dn=enki-040
magnet:?xt=urn:btih:E8BA63100806A38857A55A99D160EC2BD468EE90&dn=mkon-060
magnet:?xt=urn:btih:66C168FD8DB8616D7CCF88CB4C9B864576C38CB0&dn=homa-108
magnet:?xt=urn:btih:A8ABFBEB3B358769C63EFD9B68A3F64AEBE6AAE8&dn=cemd-050
magnet:?xt=urn:btih:F0CCC108A9F446E596F827F10D2C037E23138E15&dn=CEMD-047.mp4
magnet:?xt=urn:btih:010CFB4722CD9C08260AB785D900F9D721741B05&dn=apns-254
magnet:?xt=urn:btih:53A8FDEA9E269DE23A2FF0F3B155059D2512E35F&dn=KATU-087.mp4
magnet:?xt=urn:btih:1D2219E818397F3C2659DC62F808450CB9CF6CD9&dn=flav-278
magnet:?xt=urn:btih:F489C04F5C2289BDA4F9E2C983C1B069BE875F67&dn=AVSA-177.mp4
magnet:?xt=urn:btih:957ADE3453769CF512ABB15904DA5991463B4DFB&dn=GMEM-040.mp4
magnet:?xt=urn:btih:39B6C7E133DB33BD63B0DC242256BA5E011D0EC0&dn=roe-006
magnet:?xt=urn:btih:1509884DF969B6BC75B35411F5E2E407718B3317&dn=roe-005
magnet:?xt=urn:btih:3B2647441FF6962676E75AF90C75C947CA72AE98&dn=KIR-042
magnet:?xt=urn:btih:97688C6517F76D325959EB0F4337349D3820649C&dn=NNPJ-466
magnet:?xt=urn:btih:121F3E28AABBE17434483473B3CCAEEC92E70C32&dn=nnpj-464
magnet:?xt=urn:btih:0B93419858E427BFDAA5E7B88249824DDAD64264&dn=NNPJ-463
magnet:?xt=urn:btih:B4D6CE4C5A02DD852B31EC0647D6D8E8402DB0ED&dn=HZGD-196
magnet:?xt=urn:btih:36D1CA815677ADD5135BEC02B4C13C40C2DD0F5E&dn=jul-692
magnet:?xt=urn:btih:A41700DCDE873D81951686BED387F4F6709CCC14&dn=HZGD-195
magnet:?xt=urn:btih:E6F504FD7BEC238BEA20BE61A8C84EEEC1ED2ED2&dn=jul-691
magnet:?xt=urn:btih:AB418E468ADB2A1024259C12ED71704AA46BC9D6&dn=jul-690
magnet:?xt=urn:btih:F4EE457C7FED3D263ECFBC39BC38848BBC43F77D&dn=jul-689
magnet:?xt=urn:btih:475A44E0C8069011BD428DD45C5212190783F028&dn=jul-688
magnet:?xt=urn:btih:25646416575D58331DC4842C3BCFDA7D7B245843&dn=jul-687
magnet:?xt=urn:btih:CDB415568B3A5F698A36785D6633DE780EDA7A92&dn=jul-686
magnet:?xt=urn:btih:2483F15451879BE81A7272768D608B09582EC278&dn=jul-685
magnet:?xt=urn:btih:E9780728521E2258B8DD2AB8977DFF66AFA9BA72&dn=jul-684
magnet:?xt=urn:btih:0D476ECBDD2C031E811D9CF6DD2A34DED6044EC0&dn=jul-683
magnet:?xt=urn:btih:045241840C6B45E05242909472AD0E1FCB260332&dn=jul-682
magnet:?xt=urn:btih:F2C47861B78A67658CA98741478A54C59A5C45DE&dn=jul-681
magnet:?xt=urn:btih:D2F7BBB06548F5C4C402C1F38439605A03DF62D9&dn=jul-680
magnet:?xt=urn:btih:CE6E8D93358568103ED7E65888EBB5B5FE984DF7&dn=jul-679
magnet:?xt=urn:btih:F19D6DDE984CF0207B098074A1F93F3C86FC8A7B&dn=jul-678
magnet:?xt=urn:btih:C3A3BC6FB254414ED127087234647EF65B9002CE&dn=jul-677
magnet:?xt=urn:btih:A8AE72700A6C7EEB1B68A808D34BA27E5A4050EC&dn=hnds-071
magnet:?xt=urn:btih:D105A02957ECCF43FD13B232636F22ED25C7513E&dn=hmn-038
magnet:?xt=urn:btih:4F66F18B6BE2423D0BB9B33B04FA5EA82B9CC4B8&dn=hmn-037
magnet:?xt=urn:btih:C5F8016A6B4DCDD75D6635E1D81BEA5E2D74A708&dn=hmn-036
magnet:?xt=urn:btih:E7BEC86BE6C269BD0670C257217B094F3571B61E&dn=hmn-035
magnet:?xt=urn:btih:DB5784F0486E389D9CDEF18757D22950F21C5402&dn=hmn-034
magnet:?xt=urn:btih:3CC43028A79E3D6FBB01CFE386D1BAEF6E777A08&dn=hmn-031
magnet:?xt=urn:btih:84AAFADA10241C873F6026FB8EA362CDB75658B9&dn=hmn-030
magnet:?xt=urn:btih:815F924C0F35E6B5CA847F73EE6144E4D2F0D8A4&dn=hmn-029
magnet:?xt=urn:btih:9571840AA7BABF8CC228E91B720CDBE6462C52A6&dn=hmn-028
magnet:?xt=urn:btih:EF7107D193E50072B3E78C8A4D73E000316B5FA5&dn=hmn-027
magnet:?xt=urn:btih:BCB7B385D6EA157B62C02E97539E8B11A6B21236&dn=hmn-026
magnet:?xt=urn:btih:719197FCAD27F5237975CAAFCB1FA2FDA2C336C0&dn=dasd-907
magnet:?xt=urn:btih:05B294FB40B09C5850C881988F4296D87CA0B95E&dn=dasd-905
magnet:?xt=urn:btih:2E759C6B369A3AC4E138CE7BAA9D9810D13E920C&dn=cawd-275
magnet:?xt=urn:btih:CC995AE0B00DD4F8542E3E19C70C51FE07DEB033&dn=cawd-274
magnet:?xt=urn:btih:61BE478F0DAD9287F3DD5C9F820A1157258894E3&dn=cawd-270
magnet:?xt=urn:btih:DEE60296B873C78E4EF2CFEA6847F0B5603F18C8&dn=cawd-269
magnet:?xt=urn:btih:262014E0473F42495AC6AF41806566E1E5813438&dn=cawd-267
magnet:?xt=urn:btih:5CB7FDF8840D380DD7F636BADEE3253EAC8D318A&dn=cawd-266
magnet:?xt=urn:btih:DC40BFE6635F98B65695F6062F26BC4AB9D30466&dn=cawd-265
magnet:?xt=urn:btih:7E96BBA2722D25C91A6A0CE31546B163ECC193B1&dn=cawd-264
magnet:?xt=urn:btih:E47E0FC59B2A04A4A3CEACE5392E32559CC09F71&dn=cawd-263
magnet:?xt=urn:btih:39977E14575F6A9459DB6A54D782441C03FC7DC0&dn=cawd-262
magnet:?xt=urn:btih:97F12C4BBE6BF5EAE6578D25FF2F774F54D0243F&dn=cawd-261
magnet:?xt=urn:btih:53DFA589A89A07FA2FB8CDB5284D456E354DC36B&dn=CAWD-260-C
magnet:?xt=urn:btih:7A2E9A6601DD6D02224827937676AF4768DBD20C&dn=dasd-909
magnet:?xt=urn:btih:E9CCE1F4CEF53B63DDE2B185A735D851491B8D89&dn=akdl-133
magnet:?xt=urn:btih:630E0888AF9906EA8EB33551F3C30B0A10D11BEA&dn=akdl-134
magnet:?xt=urn:btih:DD3332D1C1047F91B80C330956A035B1AD547427&dn=akdl-132
magnet:?xt=urn:btih:1169D994DF4C6BD20F7C412E50D57425A8A95651&dn=JRZE-071
magnet:?xt=urn:btih:B9B7ED17D7E6F354C53000CC516815E8953AF26E&dn=HTHD-189
magnet:?xt=urn:btih:FCB8AAD4978F3E9E12B51E447305F9E785E81CE8&dn=cvdx-460
magnet:?xt=urn:btih:59AEDAC01B82833374FA8F602C5DD63057EB9A69&dn=rvg-139
magnet:?xt=urn:btih:A6467F1AF32B4B588A018A014F130A3E8D5B300A&dn=rvg-138
magnet:?xt=urn:btih:764F9DDB97DAC50F4E139C4086FF1386BE174398&dn=HD_STARS-387
magnet:?xt=urn:btih:CC08741C35B1CB32925D61F3AC14FE70BBC53034&dn=-FCP-032
magnet:?xt=urn:btih:F33B0E1155252C18BC45FEF2E573AA0BB394F19A&dn=h_1270ccvr00076pl
magnet:?xt=urn:btih:14DEBD12E3F5A080809616564544ABD0BB59481A&dn=1dlvss00001pl
magnet:?xt=urn:btih:4BB44581A79EA6C987B6746A5F47D30F1BDE8333&dn=%E7%AC%AC%E4%B8%80%E6%9C%83%E6%89%80%E6%96%B0%E7%89%87%40SIS001%40NKKVR-009-A
magnet:?xt=urn:btih:EDF4A3BD8C768F396CC30CBEAF89EBF1AF46DEE5&dn=mdvr00171pl
magnet:?xt=urn:btih:1D1050BEAFC06AC4D4C16FFA79A692BE4E57FF0C&dn=%E7%AC%AC%E4%B8%80%E6%9C%83%E6%89%80%E6%96%B0%E7%89%87%40SIS001%40JUVR-117-A
magnet:?xt=urn:btih:E51C49696403C9D26DA4BF59CBF7C0AB02CFEA43&dn=-NSM031
magnet:?xt=urn:btih:608185AEF8CD5A166FF1DE5C3C85B3CF2F84222B&dn=wavr00182pl
magnet:?xt=urn:btih:D8C3DF0AFBB1E7E97491BBE96530ECD07EBDBF70&dn=-SS152
magnet:?xt=urn:btih:886AA7D910B9B3C4AA8B10E40A6BAEE7F49FA4F4&dn=_macb00025
magnet:?xt=urn:btih:E84EBAA59820384A9A903779261443DD29DA27EC&dn=HMN-033
magnet:?xt=urn:btih:C3ED47BF96006EFD3EA6943E0D4567209D9D30A9&dn=hmn-032
magnet:?xt=urn:btih:9054886E40CE0C9FCEDBEC6A7F67406355734B63&dn=dasd-910
magnet:?xt=urn:btih:20ADD492991A9C1FAA06BA2F2795E3F4298ACCBB&dn=dasd-908
magnet:?xt=urn:btih:621A83442FE434735BFA2DDDEDBB0C269BA5119F&dn=dasd-906
magnet:?xt=urn:btih:5933E836ADC41B99844D31E32362791D9E89795F&dn=cjod-309
magnet:?xt=urn:btih:369C40F714B2C5C0041C8D96E0F05387FCC4265A&dn=cjod-308
magnet:?xt=urn:btih:0BF5CDF77816CB71D8B298669C723317EB61BFA4&dn=cjod-307
magnet:?xt=urn:btih:3910EE633D94EC7FCB98F7D000DCB7E835EF259C&dn=cawd-259-C
magnet:?xt=urn:btih:5CE1FDC712BE74852AEE311582343E2FC9DCADF1&dn=ure-070
magnet:?xt=urn:btih:BC453E38C5971CE65FF361CBE7FE673A6831411F&dn=mism-211
magnet:?xt=urn:btih:0C9C246136B0B4AF28E6A9E5203973ED079CB214&dn=mism-210
magnet:?xt=urn:btih:BB459AC94B45D7DCDFC8B08F94C9139F20355653&dn=mism-209
magnet:?xt=urn:btih:7CEAC4CAFC7E3779EBE09CE012803F3272658EAF&dn=dasd-911
magnet:?xt=urn:btih:890E51F88BFB79A2F1A26A549604FA4374D3B2B9&dn=etqr-271
magnet:?xt=urn:btih:A93FD8C4A4F5A3BF30575FA518800E883D3C1785&dn=etqr-270
magnet:?xt=urn:btih:30B9CD44F2D92B1E30D4829A5A6C24EFEC46774C&dn=zozo-075
magnet:?xt=urn:btih:2D1B9E140EF7AB1F5701DCE7766C2BF3BB0A2766&dn=zozo-073
magnet:?xt=urn:btih:8437D375F0615FE25F62B8FBF8456CCCCCE32F8D&dn=-TIKB119
magnet:?xt=urn:btih:5DF3710343A9ABB8DA0BBCE2B33A955D712A48E5&dn=-OMHD010
magnet:?xt=urn:btih:1A47B8CB15E8F56C9AF35E1C8497449739148A90&dn=MOPP-041
magnet:?xt=urn:btih:377BE4197CB0B12B66FC74D4CCC6397513822061&dn=MGMQ-078
magnet:?xt=urn:btih:625BBD9F31E2E37B05618CDDD38F63089201D983&dn=-SKMJ197A
magnet:?xt=urn:btih:8F088971C52464584012C48423D0D5093A820869&dn=FCP-033
magnet:?xt=urn:btih:11DB1A9E10BC4FF62AC7D6BA3ACE80D54B823FBA&dn=-MHAR008
magnet:?xt=urn:btih:5AD7D1A47B12B278843D445CE1D93A494EA761B2&dn=-MHAR007
magnet:?xt=urn:btih:94032E7F505392F138351FCAC347257ED1B2BA90&dn=-NUKAX005
magnet:?xt=urn:btih:723BAB2AEA8B8139E41BB6C8035826CF7C01CACD&dn=NHDTB-562-C
magnet:?xt=urn:btih:8DBB523DFE5B44AD81E50E5FD54CC377E4E8F82D&dn=%E7%AC%AC%E4%B8%80%E6%9C%83%E6%89%80%E6%96%B0%E7%89%87%40SIS001%40SIVR-146-A
magnet:?xt=urn:btih:C3E8DFC0E57E142742DA2D242DD5CB2772BE60B9&dn=%40kavr00177.part1
magnet:?xt=urn:btih:F743552DA8CCA580F8A3F9CB1746A3B47FABEE4E&dn=%40h_1248kiwvr00257.part1
magnet:?xt=urn:btih:60E2125461260C7AB803FCB3064D1ACF499AA396&dn=erht-002
magnet:?xt=urn:btih:308012AE0855936FC5CFC274A94EF644B5EB4402&dn=PARM-167
magnet:?xt=urn:btih:22BDAAC147600BA235E5BB0260D3D05A16A83599&dn=%40h_1248kiwvr00258.part1
magnet:?xt=urn:btih:A349E8726930881B31DEB29C4F4EEDEF29D09C88&dn=%40h_1116capi00165.part1
magnet:?xt=urn:btih:7C7D960203D715489B9819006A88465536F1F67E&dn=%40exvr00429.part1
magnet:?xt=urn:btih:BB7B58261253989EB08BD05A701427220BB4E229&dn=-BNST033
magnet:?xt=urn:btih:931818EDD5F2F084551B335187FF2A0676EF6EE7&dn=-KIRM007
magnet:?xt=urn:btih:BE7D7DDC83B29085059CD4F7B807392F7E9BB5DC&dn=TEN036
magnet:?xt=urn:btih:E645D9CF7C63F61BE5568FF945E040D33AD7C7A3&dn=SPRD1432
magnet:?xt=urn:btih:2E8D807F32EF72970876FF628F9BB875380644C1&dn=MHAR006
magnet:?xt=urn:btih:6D4DA43638922C8060E5473B453B8AA0DDE93130&dn=MHAR005
magnet:?xt=urn:btih:6065F6A6AF6E7BDB0FC4D8E2027DD67DDFC52AB9&dn=%E7%AC%AC%E4%B8%80%E6%9C%83%E6%89%80%E6%96%B0%E7%89%87%40SIS001%40ABW-129
magnet:?xt=urn:btih:366B16AC9A5EC2B6694BCD40EF523215711199EC&dn=ABW-128
magnet:?xt=urn:btih:532E3940303BC1BB1B0118097541AFE7708E12D2&dn=ABW-130
magnet:?xt=urn:btih:BE897D725FC36F4EDC93606F87BC3FEDBC014380&dn=GWREN-001.mp4
magnet:?xt=urn:btih:575D19FCD29005DBC460DA11246CDDEED7A261AA&dn=TUS-099
magnet:?xt=urn:btih:12682020B2E4E4D1FCD08FCD7E5562DF7667B286&dn=PXH-033
magnet:?xt=urn:btih:D10C141AADEFA7287487293CC93D61EB324D6AEF&dn=FCP-034
magnet:?xt=urn:btih:B619B913708F8A89820678CBEFF14EBE6565686E&dn=DOCP-311
magnet:?xt=urn:btih:7CD866EAB605585736FFA98A9B20CB5F8BCCB915&dn=%E7%AC%AC%E4%B8%80%E6%9C%83%E6%89%80%E6%96%B0%E7%89%87%40SIS001%40DOCP-312
magnet:?xt=urn:btih:D619D34A23852944DFAD9B6E3F2469985A6994A2&dn=DOCP-313
magnet:?xt=urn:btih:8F788A5EFE1B9A17F12EE6EC85B7FBB5BF708708&dn=mhar-002
magnet:?xt=urn:btih:3CFA8A49C44EB5D6854432942A1BD57F7DC38B7F&dn=FSDSS-273
magnet:?xt=urn:btih:E4AFB8797EB14D9BE88C1CF8FDEB54F831821377&dn=%5B1080P%5D+FSDSS-272+%E5%B7%A8%E4%B9%B3%E4%B8%8A%E5%8F%B8%E3%81%A8%E7%AB%A5%E8%B2%9E%E9%83%A8%E4%B8%8B%E3%81%8C%E5%87%BA%E5%BC%B5%E5%85%88%E3%81%AE%E7%9B%B8%E9%83%A8%E5%B1%8B%E3%81%A7%E5%87%84%E7%B5%B6%E6%80%A7%E4%BA%A4+%E5%B0%8F%E9%87%8E%E5%A4%95%E5%AD%90
magnet:?xt=urn:btih:94C3F21BD49645D2DC843BBB4FC7324C6425F735&dn=FSDSS-271
magnet:?xt=urn:btih:9C4D115E96D74B20697228811F548245DE6004F7&dn=OVG-179-C
magnet:?xt=urn:btih:540DDF7C24F7151C78DA87F000AC7B74AB44F8E2&dn=GVH-280-C
magnet:?xt=urn:btih:877F5D20FD154159F5C604D11BA8CDBD26A5F90D&dn=GVH-279-C
magnet:?xt=urn:btih:58AE5617AB23819B093D91C409C9E371988A081F&dn=gvh-278
magnet:?xt=urn:btih:2643AA443EAED31C6526FD88AE4D3906179BC08D&dn=GVH-277-C
magnet:?xt=urn:btih:21BAFC2B89E520C597E15E7821026C60E19E0E15&dn=gvh-276
magnet:?xt=urn:btih:05E28FCA6A641882A009BC7BED9F1606128C0B19&dn=GVH-275-C
magnet:?xt=urn:btih:72040DF68C8FFDD19F78826D742413D3B96E28AD&dn=GVH-274-C
magnet:?xt=urn:btih:26242AC54A48EE3D114498A07AFDDEABE93636E0&dn=sdth-006
magnet:?xt=urn:btih:D7C0AC88028B789D6411E0D1A8DDF9C03FD700ED&dn=sdjs-124
magnet:?xt=urn:btih:BD36AF1F4FDD170D1B52EF05A2D1AE250EA1950B&dn=stars-418
magnet:?xt=urn:btih:9CC41CCB0085AABA3737B9BF21ECC481F228EE34&dn=kmhrs-048
magnet:?xt=urn:btih:40505D2D06E6726CAA680AE202B5111280C61286&dn=enki-040
magnet:?xt=urn:btih:E8BA63100806A38857A55A99D160EC2BD468EE90&dn=mkon-060
magnet:?xt=urn:btih:66C168FD8DB8616D7CCF88CB4C9B864576C38CB0&dn=homa-108
magnet:?xt=urn:btih:A8ABFBEB3B358769C63EFD9B68A3F64AEBE6AAE8&dn=cemd-050
magnet:?xt=urn:btih:BF64D71619DFA1E6C018BE0F4FFCB691FD33AF58&dn=CEMD-049.mp4
magnet:?xt=urn:btih:F0CCC108A9F446E596F827F10D2C037E23138E15&dn=CEMD-047.mp4
magnet:?xt=urn:btih:010CFB4722CD9C08260AB785D900F9D721741B05&dn=apns-254
magnet:?xt=urn:btih:53A8FDEA9E269DE23A2FF0F3B155059D2512E35F&dn=KATU-087.mp4
magnet:?xt=urn:btih:1D2219E818397F3C2659DC62F808450CB9CF6CD9&dn=flav-278
magnet:?xt=urn:btih:F489C04F5C2289BDA4F9E2C983C1B069BE875F67&dn=AVSA-177.mp4
magnet:?xt=urn:btih:957ADE3453769CF512ABB15904DA5991463B4DFB&dn=GMEM-040.mp4
magnet:?xt=urn:btih:39B6C7E133DB33BD63B0DC242256BA5E011D0EC0&dn=roe-006
magnet:?xt=urn:btih:1509884DF969B6BC75B35411F5E2E407718B3317&dn=roe-005
magnet:?xt=urn:btih:3B2647441FF6962676E75AF90C75C947CA72AE98&dn=KIR-042
magnet:?xt=urn:btih:97688C6517F76D325959EB0F4337349D3820649C&dn=NNPJ-466
magnet:?xt=urn:btih:121F3E28AABBE17434483473B3CCAEEC92E70C32&dn=nnpj-464
magnet:?xt=urn:btih:0B93419858E427BFDAA5E7B88249824DDAD64264&dn=NNPJ-463
magnet:?xt=urn:btih:36D1CA815677ADD5135BEC02B4C13C40C2DD0F5E&dn=jul-692
magnet:?xt=urn:btih:A41700DCDE873D81951686BED387F4F6709CCC14&dn=HZGD-195
magnet:?xt=urn:btih:E6F504FD7BEC238BEA20BE61A8C84EEEC1ED2ED2&dn=jul-691
magnet:?xt=urn:btih:AB418E468ADB2A1024259C12ED71704AA46BC9D6&dn=jul-690
magnet:?xt=urn:btih:F4EE457C7FED3D263ECFBC39BC38848BBC43F77D&dn=jul-689
magnet:?xt=urn:btih:475A44E0C8069011BD428DD45C5212190783F028&dn=jul-688
magnet:?xt=urn:btih:25646416575D58331DC4842C3BCFDA7D7B245843&dn=jul-687
magnet:?xt=urn:btih:CDB415568B3A5F698A36785D6633DE780EDA7A92&dn=jul-686
magnet:?xt=urn:btih:2483F15451879BE81A7272768D608B09582EC278&dn=jul-685
magnet:?xt=urn:btih:E9780728521E2258B8DD2AB8977DFF66AFA9BA72&dn=jul-684
magnet:?xt=urn:btih:0D476ECBDD2C031E811D9CF6DD2A34DED6044EC0&dn=jul-683
magnet:?xt=urn:btih:045241840C6B45E05242909472AD0E1FCB260332&dn=jul-682
magnet:?xt=urn:btih:F2C47861B78A67658CA98741478A54C59A5C45DE&dn=jul-681
magnet:?xt=urn:btih:D2F7BBB06548F5C4C402C1F38439605A03DF62D9&dn=jul-680
magnet:?xt=urn:btih:CE6E8D93358568103ED7E65888EBB5B5FE984DF7&dn=jul-679
magnet:?xt=urn:btih:F19D6DDE984CF0207B098074A1F93F3C86FC8A7B&dn=jul-678
magnet:?xt=urn:btih:C3A3BC6FB254414ED127087234647EF65B9002CE&dn=jul-677
magnet:?xt=urn:btih:A8AE72700A6C7EEB1B68A808D34BA27E5A4050EC&dn=hnds-071
magnet:?xt=urn:btih:D105A02957ECCF43FD13B232636F22ED25C7513E&dn=hmn-038
magnet:?xt=urn:btih:4F66F18B6BE2423D0BB9B33B04FA5EA82B9CC4B8&dn=hmn-037
magnet:?xt=urn:btih:C5F8016A6B4DCDD75D6635E1D81BEA5E2D74A708&dn=hmn-036
magnet:?xt=urn:btih:E7BEC86BE6C269BD0670C257217B094F3571B61E&dn=hmn-035
magnet:?xt=urn:btih:DB5784F0486E389D9CDEF18757D22950F21C5402&dn=hmn-034
magnet:?xt=urn:btih:3CC43028A79E3D6FBB01CFE386D1BAEF6E777A08&dn=hmn-031
magnet:?xt=urn:btih:84AAFADA10241C873F6026FB8EA362CDB75658B9&dn=hmn-030
magnet:?xt=urn:btih:815F924C0F35E6B5CA847F73EE6144E4D2F0D8A4&dn=hmn-029
magnet:?xt=urn:btih:9571840AA7BABF8CC228E91B720CDBE6462C52A6&dn=hmn-028
magnet:?xt=urn:btih:EF7107D193E50072B3E78C8A4D73E000316B5FA5&dn=hmn-027
magnet:?xt=urn:btih:BCB7B385D6EA157B62C02E97539E8B11A6B21236&dn=hmn-026
magnet:?xt=urn:btih:719197FCAD27F5237975CAAFCB1FA2FDA2C336C0&dn=dasd-907
magnet:?xt=urn:btih:05B294FB40B09C5850C881988F4296D87CA0B95E&dn=dasd-905
magnet:?xt=urn:btih:2E759C6B369A3AC4E138CE7BAA9D9810D13E920C&dn=cawd-275
magnet:?xt=urn:btih:CC995AE0B00DD4F8542E3E19C70C51FE07DEB033&dn=cawd-274
magnet:?xt=urn:btih:61BE478F0DAD9287F3DD5C9F820A1157258894E3&dn=cawd-270
magnet:?xt=urn:btih:DEE60296B873C78E4EF2CFEA6847F0B5603F18C8&dn=cawd-269
magnet:?xt=urn:btih:262014E0473F42495AC6AF41806566E1E5813438&dn=cawd-267
magnet:?xt=urn:btih:5CB7FDF8840D380DD7F636BADEE3253EAC8D318A&dn=cawd-266
magnet:?xt=urn:btih:DC40BFE6635F98B65695F6062F26BC4AB9D30466&dn=cawd-265
magnet:?xt=urn:btih:7E96BBA2722D25C91A6A0CE31546B163ECC193B1&dn=cawd-264
magnet:?xt=urn:btih:E47E0FC59B2A04A4A3CEACE5392E32559CC09F71&dn=cawd-263
magnet:?xt=urn:btih:39977E14575F6A9459DB6A54D782441C03FC7DC0&dn=cawd-262
magnet:?xt=urn:btih:97F12C4BBE6BF5EAE6578D25FF2F774F54D0243F&dn=cawd-261
magnet:?xt=urn:btih:53DFA589A89A07FA2FB8CDB5284D456E354DC36B&dn=CAWD-260-C
magnet:?xt=urn:btih:7A2E9A6601DD6D02224827937676AF4768DBD20C&dn=dasd-909
magnet:?xt=urn:btih:E9CCE1F4CEF53B63DDE2B185A735D851491B8D89&dn=akdl-133
magnet:?xt=urn:btih:630E0888AF9906EA8EB33551F3C30B0A10D11BEA&dn=akdl-134
magnet:?xt=urn:btih:DD3332D1C1047F91B80C330956A035B1AD547427&dn=akdl-132
magnet:?xt=urn:btih:1169D994DF4C6BD20F7C412E50D57425A8A95651&dn=JRZE-071
magnet:?xt=urn:btih:B9B7ED17D7E6F354C53000CC516815E8953AF26E&dn=HTHD-189
magnet:?xt=urn:btih:FCB8AAD4978F3E9E12B51E447305F9E785E81CE8&dn=cvdx-460
magnet:?xt=urn:btih:59AEDAC01B82833374FA8F602C5DD63057EB9A69&dn=rvg-139
magnet:?xt=urn:btih:A6467F1AF32B4B588A018A014F130A3E8D5B300A&dn=rvg-138
magnet:?xt=urn:btih:764F9DDB97DAC50F4E139C4086FF1386BE174398&dn=HD_STARS-387
magnet:?xt=urn:btih:CC08741C35B1CB32925D61F3AC14FE70BBC53034&dn=-FCP-032
magnet:?xt=urn:btih:F33B0E1155252C18BC45FEF2E573AA0BB394F19A&dn=h_1270ccvr00076pl
magnet:?xt=urn:btih:14DEBD12E3F5A080809616564544ABD0BB59481A&dn=1dlvss00001pl
magnet:?xt=urn:btih:4BB44581A79EA6C987B6746A5F47D30F1BDE8333&dn=%E7%AC%AC%E4%B8%80%E6%9C%83%E6%89%80%E6%96%B0%E7%89%87%40SIS001%40NKKVR-009-A
magnet:?xt=urn:btih:EDF4A3BD8C768F396CC30CBEAF89EBF1AF46DEE5&dn=mdvr00171pl
magnet:?xt=urn:btih:1D1050BEAFC06AC4D4C16FFA79A692BE4E57FF0C&dn=%E7%AC%AC%E4%B8%80%E6%9C%83%E6%89%80%E6%96%B0%E7%89%87%40SIS001%40JUVR-117-A
magnet:?xt=urn:btih:E51C49696403C9D26DA4BF59CBF7C0AB02CFEA43&dn=-NSM031
magnet:?xt=urn:btih:608185AEF8CD5A166FF1DE5C3C85B3CF2F84222B&dn=wavr00182pl
magnet:?xt=urn:btih:D8C3DF0AFBB1E7E97491BBE96530ECD07EBDBF70&dn=-SS152
magnet:?xt=urn:btih:886AA7D910B9B3C4AA8B10E40A6BAEE7F49FA4F4&dn=_macb00025
magnet:?xt=urn:btih:E84EBAA59820384A9A903779261443DD29DA27EC&dn=HMN-033
magnet:?xt=urn:btih:C3ED47BF96006EFD3EA6943E0D4567209D9D30A9&dn=hmn-032
magnet:?xt=urn:btih:9054886E40CE0C9FCEDBEC6A7F67406355734B63&dn=dasd-910
magnet:?xt=urn:btih:20ADD492991A9C1FAA06BA2F2795E3F4298ACCBB&dn=dasd-908
magnet:?xt=urn:btih:621A83442FE434735BFA2DDDEDBB0C269BA5119F&dn=dasd-906
magnet:?xt=urn:btih:5933E836ADC41B99844D31E32362791D9E89795F&dn=cjod-309
magnet:?xt=urn:btih:369C40F714B2C5C0041C8D96E0F05387FCC4265A&dn=cjod-308
magnet:?xt=urn:btih:0BF5CDF77816CB71D8B298669C723317EB61BFA4&dn=cjod-307
magnet:?xt=urn:btih:3910EE633D94EC7FCB98F7D000DCB7E835EF259C&dn=cawd-259-C
magnet:?xt=urn:btih:5CE1FDC712BE74852AEE311582343E2FC9DCADF1&dn=ure-070
magnet:?xt=urn:btih:BC453E38C5971CE65FF361CBE7FE673A6831411F&dn=mism-211
magnet:?xt=urn:btih:0C9C246136B0B4AF28E6A9E5203973ED079CB214&dn=mism-210
magnet:?xt=urn:btih:BB459AC94B45D7DCDFC8B08F94C9139F20355653&dn=mism-209
magnet:?xt=urn:btih:7CEAC4CAFC7E3779EBE09CE012803F3272658EAF&dn=dasd-911
magnet:?xt=urn:btih:890E51F88BFB79A2F1A26A549604FA4374D3B2B9&dn=etqr-271
magnet:?xt=urn:btih:A93FD8C4A4F5A3BF30575FA518800E883D3C1785&dn=etqr-270
magnet:?xt=urn:btih:DA735D7C6032F2598B8240D3FCF4FFAE5946151D&dn=jrze-070-4k
magnet:?xt=urn:btih:30B9CD44F2D92B1E30D4829A5A6C24EFEC46774C&dn=zozo-075
magnet:?xt=urn:btih:2D1B9E140EF7AB1F5701DCE7766C2BF3BB0A2766&dn=zozo-073
magnet:?xt=urn:btih:8437D375F0615FE25F62B8FBF8456CCCCCE32F8D&dn=-TIKB119
magnet:?xt=urn:btih:5DF3710343A9ABB8DA0BBCE2B33A955D712A48E5&dn=-OMHD010
magnet:?xt=urn:btih:1A47B8CB15E8F56C9AF35E1C8497449739148A90&dn=MOPP-041
magnet:?xt=urn:btih:377BE4197CB0B12B66FC74D4CCC6397513822061&dn=MGMQ-078
magnet:?xt=urn:btih:625BBD9F31E2E37B05618CDDD38F63089201D983&dn=-SKMJ197A
magnet:?xt=urn:btih:11DB1A9E10BC4FF62AC7D6BA3ACE80D54B823FBA&dn=-MHAR008
magnet:?xt=urn:btih:5AD7D1A47B12B278843D445CE1D93A494EA761B2&dn=-MHAR007
magnet:?xt=urn:btih:94032E7F505392F138351FCAC347257ED1B2BA90&dn=-NUKAX005
magnet:?xt=urn:btih:723BAB2AEA8B8139E41BB6C8035826CF7C01CACD&dn=NHDTB-562-C
magnet:?xt=urn:btih:8DBB523DFE5B44AD81E50E5FD54CC377E4E8F82D&dn=%E7%AC%AC%E4%B8%80%E6%9C%83%E6%89%80%E6%96%B0%E7%89%87%40SIS001%40SIVR-146-A
magnet:?xt=urn:btih:C3E8DFC0E57E142742DA2D242DD5CB2772BE60B9&dn=%40kavr00177.part1
magnet:?xt=urn:btih:F743552DA8CCA580F8A3F9CB1746A3B47FABEE4E&dn=%40h_1248kiwvr00257.part1
magnet:?xt=urn:btih:60E2125461260C7AB803FCB3064D1ACF499AA396&dn=erht-002
magnet:?xt=urn:btih:308012AE0855936FC5CFC274A94EF644B5EB4402&dn=PARM-167
magnet:?xt=urn:btih:22BDAAC147600BA235E5BB0260D3D05A16A83599&dn=%40h_1248kiwvr00258.part1
magnet:?xt=urn:btih:A349E8726930881B31DEB29C4F4EEDEF29D09C88&dn=%40h_1116capi00165.part1
magnet:?xt=urn:btih:7C7D960203D715489B9819006A88465536F1F67E&dn=%40exvr00429.part1
magnet:?xt=urn:btih:BB7B58261253989EB08BD05A701427220BB4E229&dn=-BNST033
magnet:?xt=urn:btih:931818EDD5F2F084551B335187FF2A0676EF6EE7&dn=-KIRM007
magnet:?xt=urn:btih:BE7D7DDC83B29085059CD4F7B807392F7E9BB5DC&dn=TEN036
magnet:?xt=urn:btih:E645D9CF7C63F61BE5568FF945E040D33AD7C7A3&dn=SPRD1432
magnet:?xt=urn:btih:2E8D807F32EF72970876FF628F9BB875380644C1&dn=MHAR006
magnet:?xt=urn:btih:6D4DA43638922C8060E5473B453B8AA0DDE93130&dn=MHAR005
magnet:?xt=urn:btih:6065F6A6AF6E7BDB0FC4D8E2027DD67DDFC52AB9&dn=%E7%AC%AC%E4%B8%80%E6%9C%83%E6%89%80%E6%96%B0%E7%89%87%40SIS001%40ABW-129
magnet:?xt=urn:btih:366B16AC9A5EC2B6694BCD40EF523215711199EC&dn=ABW-128
magnet:?xt=urn:btih:532E3940303BC1BB1B0118097541AFE7708E12D2&dn=ABW-130
magnet:?xt=urn:btih:BE897D725FC36F4EDC93606F87BC3FEDBC014380&dn=GWREN-001.mp4
magnet:?xt=urn:btih:575D19FCD29005DBC460DA11246CDDEED7A261AA&dn=TUS-099
magnet:?xt=urn:btih:12682020B2E4E4D1FCD08FCD7E5562DF7667B286&dn=PXH-033
magnet:?xt=urn:btih:D10C141AADEFA7287487293CC93D61EB324D6AEF&dn=FCP-034
magnet:?xt=urn:btih:B619B913708F8A89820678CBEFF14EBE6565686E&dn=DOCP-311
magnet:?xt=urn:btih:7CD866EAB605585736FFA98A9B20CB5F8BCCB915&dn=%E7%AC%AC%E4%B8%80%E6%9C%83%E6%89%80%E6%96%B0%E7%89%87%40SIS001%40DOCP-312
magnet:?xt=urn:btih:D619D34A23852944DFAD9B6E3F2469985A6994A2&dn=DOCP-313
magnet:?xt=urn:btih:8F788A5EFE1B9A17F12EE6EC85B7FBB5BF708708&dn=mhar-002
magnet:?xt=urn:btih:3CFA8A49C44EB5D6854432942A1BD57F7DC38B7F&dn=FSDSS-273
magnet:?xt=urn:btih:E4AFB8797EB14D9BE88C1CF8FDEB54F831821377&dn=%5B1080P%5D+FSDSS-272+%E5%B7%A8%E4%B9%B3%E4%B8%8A%E5%8F%B8%E3%81%A8%E7%AB%A5%E8%B2%9E%E9%83%A8%E4%B8%8B%E3%81%8C%E5%87%BA%E5%BC%B5%E5%85%88%E3%81%AE%E7%9B%B8%E9%83%A8%E5%B1%8B%E3%81%A7%E5%87%84%E7%B5%B6%E6%80%A7%E4%BA%A4+%E5%B0%8F%E9%87%8E%E5%A4%95%E5%AD%90
magnet:?xt=urn:btih:94C3F21BD49645D2DC843BBB4FC7324C6425F735&dn=FSDSS-271
magnet:?xt=urn:btih:9C4D115E96D74B20697228811F548245DE6004F7&dn=OVG-179-C
magnet:?xt=urn:btih:540DDF7C24F7151C78DA87F000AC7B74AB44F8E2&dn=GVH-280-C
magnet:?xt=urn:btih:877F5D20FD154159F5C604D11BA8CDBD26A5F90D&dn=GVH-279-C
magnet:?xt=urn:btih:58AE5617AB23819B093D91C409C9E371988A081F&dn=gvh-278
magnet:?xt=urn:btih:2643AA443EAED31C6526FD88AE4D3906179BC08D&dn=GVH-277-C
magnet:?xt=urn:btih:21BAFC2B89E520C597E15E7821026C60E19E0E15&dn=gvh-276
magnet:?xt=urn:btih:05E28FCA6A641882A009BC7BED9F1606128C0B19&dn=GVH-275-C
magnet:?xt=urn:btih:72040DF68C8FFDD19F78826D742413D3B96E28AD&dn=GVH-274-C
magnet:?xt=urn:btih:26242AC54A48EE3D114498A07AFDDEABE93636E0&dn=sdth-006
magnet:?xt=urn:btih:D7C0AC88028B789D6411E0D1A8DDF9C03FD700ED&dn=sdjs-124
magnet:?xt=urn:btih:BD36AF1F4FDD170D1B52EF05A2D1AE250EA1950B&dn=stars-418
magnet:?xt=urn:btih:9CC41CCB0085AABA3737B9BF21ECC481F228EE34&dn=kmhrs-048
magnet:?xt=urn:btih:40505D2D06E6726CAA680AE202B5111280C61286&dn=enki-040
magnet:?xt=urn:btih:E8BA63100806A38857A55A99D160EC2BD468EE90&dn=mkon-060
magnet:?xt=urn:btih:66C168FD8DB8616D7CCF88CB4C9B864576C38CB0&dn=homa-108
magnet:?xt=urn:btih:A8ABFBEB3B358769C63EFD9B68A3F64AEBE6AAE8&dn=cemd-050
magnet:?xt=urn:btih:BF64D71619DFA1E6C018BE0F4FFCB691FD33AF58&dn=CEMD-049.mp4
magnet:?xt=urn:btih:F0CCC108A9F446E596F827F10D2C037E23138E15&dn=CEMD-047.mp4
magnet:?xt=urn:btih:010CFB4722CD9C08260AB785D900F9D721741B05&dn=apns-254
magnet:?xt=urn:btih:53A8FDEA9E269DE23A2FF0F3B155059D2512E35F&dn=KATU-087.mp4
magnet:?xt=urn:btih:1D2219E818397F3C2659DC62F808450CB9CF6CD9&dn=flav-278
magnet:?xt=urn:btih:F489C04F5C2289BDA4F9E2C983C1B069BE875F67&dn=AVSA-177.mp4
magnet:?xt=urn:btih:957ADE3453769CF512ABB15904DA5991463B4DFB&dn=GMEM-040.mp4
magnet:?xt=urn:btih:39B6C7E133DB33BD63B0DC242256BA5E011D0EC0&dn=roe-006
magnet:?xt=urn:btih:1509884DF969B6BC75B35411F5E2E407718B3317&dn=roe-005
magnet:?xt=urn:btih:3B2647441FF6962676E75AF90C75C947CA72AE98&dn=KIR-042
magnet:?xt=urn:btih:97688C6517F76D325959EB0F4337349D3820649C&dn=NNPJ-466
magnet:?xt=urn:btih:121F3E28AABBE17434483473B3CCAEEC92E70C32&dn=nnpj-464
magnet:?xt=urn:btih:0B93419858E427BFDAA5E7B88249824DDAD64264&dn=NNPJ-463
magnet:?xt=urn:btih:B4D6CE4C5A02DD852B31EC0647D6D8E8402DB0ED&dn=HZGD-196
magnet:?xt=urn:btih:36D1CA815677ADD5135BEC02B4C13C40C2DD0F5E&dn=jul-692
magnet:?xt=urn:btih:A41700DCDE873D81951686BED387F4F6709CCC14&dn=HZGD-195
magnet:?xt=urn:btih:E6F504FD7BEC238BEA20BE61A8C84EEEC1ED2ED2&dn=jul-691
magnet:?xt=urn:btih:AB418E468ADB2A1024259C12ED71704AA46BC9D6&dn=jul-690
magnet:?xt=urn:btih:F4EE457C7FED3D263ECFBC39BC38848BBC43F77D&dn=jul-689
magnet:?xt=urn:btih:475A44E0C8069011BD428DD45C5212190783F028&dn=jul-688
magnet:?xt=urn:btih:25646416575D58331DC4842C3BCFDA7D7B245843&dn=jul-687
magnet:?xt=urn:btih:CDB415568B3A5F698A36785D6633DE780EDA7A92&dn=jul-686
magnet:?xt=urn:btih:2483F15451879BE81A7272768D608B09582EC278&dn=jul-685
magnet:?xt=urn:btih:E9780728521E2258B8DD2AB8977DFF66AFA9BA72&dn=jul-684
magnet:?xt=urn:btih:0D476ECBDD2C031E811D9CF6DD2A34DED6044EC0&dn=jul-683
magnet:?xt=urn:btih:045241840C6B45E05242909472AD0E1FCB260332&dn=jul-682
magnet:?xt=urn:btih:F2C47861B78A67658CA98741478A54C59A5C45DE&dn=jul-681
magnet:?xt=urn:btih:D2F7BBB06548F5C4C402C1F38439605A03DF62D9&dn=jul-680
magnet:?xt=urn:btih:CE6E8D93358568103ED7E65888EBB5B5FE984DF7&dn=jul-679
magnet:?xt=urn:btih:F19D6DDE984CF0207B098074A1F93F3C86FC8A7B&dn=jul-678
magnet:?xt=urn:btih:C3A3BC6FB254414ED127087234647EF65B9002CE&dn=jul-677
magnet:?xt=urn:btih:D105A02957ECCF43FD13B232636F22ED25C7513E&dn=hmn-038
magnet:?xt=urn:btih:4F66F18B6BE2423D0BB9B33B04FA5EA82B9CC4B8&dn=hmn-037
magnet:?xt=urn:btih:C5F8016A6B4DCDD75D6635E1D81BEA5E2D74A708&dn=hmn-036
magnet:?xt=urn:btih:E7BEC86BE6C269BD0670C257217B094F3571B61E&dn=hmn-035
magnet:?xt=urn:btih:DB5784F0486E389D9CDEF18757D22950F21C5402&dn=hmn-034
magnet:?xt=urn:btih:3CC43028A79E3D6FBB01CFE386D1BAEF6E777A08&dn=hmn-031
magnet:?xt=urn:btih:84AAFADA10241C873F6026FB8EA362CDB75658B9&dn=hmn-030
magnet:?xt=urn:btih:815F924C0F35E6B5CA847F73EE6144E4D2F0D8A4&dn=hmn-029
magnet:?xt=urn:btih:9571840AA7BABF8CC228E91B720CDBE6462C52A6&dn=hmn-028
magnet:?xt=urn:btih:EF7107D193E50072B3E78C8A4D73E000316B5FA5&dn=hmn-027
magnet:?xt=urn:btih:BCB7B385D6EA157B62C02E97539E8B11A6B21236&dn=hmn-026
magnet:?xt=urn:btih:719197FCAD27F5237975CAAFCB1FA2FDA2C336C0&dn=dasd-907
magnet:?xt=urn:btih:05B294FB40B09C5850C881988F4296D87CA0B95E&dn=dasd-905
magnet:?xt=urn:btih:2E759C6B369A3AC4E138CE7BAA9D9810D13E920C&dn=cawd-275
magnet:?xt=urn:btih:CC995AE0B00DD4F8542E3E19C70C51FE07DEB033&dn=cawd-274
magnet:?xt=urn:btih:61BE478F0DAD9287F3DD5C9F820A1157258894E3&dn=cawd-270
magnet:?xt=urn:btih:DEE60296B873C78E4EF2CFEA6847F0B5603F18C8&dn=cawd-269
magnet:?xt=urn:btih:262014E0473F42495AC6AF41806566E1E5813438&dn=cawd-267
magnet:?xt=urn:btih:5CB7FDF8840D380DD7F636BADEE3253EAC8D318A&dn=cawd-266
magnet:?xt=urn:btih:DC40BFE6635F98B65695F6062F26BC4AB9D30466&dn=cawd-265
magnet:?xt=urn:btih:7E96BBA2722D25C91A6A0CE31546B163ECC193B1&dn=cawd-264
magnet:?xt=urn:btih:E47E0FC59B2A04A4A3CEACE5392E32559CC09F71&dn=cawd-263
magnet:?xt=urn:btih:39977E14575F6A9459DB6A54D782441C03FC7DC0&dn=cawd-262
magnet:?xt=urn:btih:97F12C4BBE6BF5EAE6578D25FF2F774F54D0243F&dn=cawd-261
magnet:?xt=urn:btih:53DFA589A89A07FA2FB8CDB5284D456E354DC36B&dn=CAWD-260-C
magnet:?xt=urn:btih:7A2E9A6601DD6D02224827937676AF4768DBD20C&dn=dasd-909
magnet:?xt=urn:btih:E9CCE1F4CEF53B63DDE2B185A735D851491B8D89&dn=akdl-133
magnet:?xt=urn:btih:630E0888AF9906EA8EB33551F3C30B0A10D11BEA&dn=akdl-134
magnet:?xt=urn:btih:DD3332D1C1047F91B80C330956A035B1AD547427&dn=akdl-132
magnet:?xt=urn:btih:1169D994DF4C6BD20F7C412E50D57425A8A95651&dn=JRZE-071
magnet:?xt=urn:btih:B9B7ED17D7E6F354C53000CC516815E8953AF26E&dn=HTHD-189
magnet:?xt=urn:btih:FCB8AAD4978F3E9E12B51E447305F9E785E81CE8&dn=cvdx-460
magnet:?xt=urn:btih:59AEDAC01B82833374FA8F602C5DD63057EB9A69&dn=rvg-139
magnet:?xt=urn:btih:A6467F1AF32B4B588A018A014F130A3E8D5B300A&dn=rvg-138
magnet:?xt=urn:btih:764F9DDB97DAC50F4E139C4086FF1386BE174398&dn=HD_STARS-387
magnet:?xt=urn:btih:CC08741C35B1CB32925D61F3AC14FE70BBC53034&dn=-FCP-032
magnet:?xt=urn:btih:F33B0E1155252C18BC45FEF2E573AA0BB394F19A&dn=h_1270ccvr00076pl
magnet:?xt=urn:btih:14DEBD12E3F5A080809616564544ABD0BB59481A&dn=1dlvss00001pl
magnet:?xt=urn:btih:4BB44581A79EA6C987B6746A5F47D30F1BDE8333&dn=%E7%AC%AC%E4%B8%80%E6%9C%83%E6%89%80%E6%96%B0%E7%89%87%40SIS001%40NKKVR-009-A
magnet:?xt=urn:btih:EDF4A3BD8C768F396CC30CBEAF89EBF1AF46DEE5&dn=mdvr00171pl
magnet:?xt=urn:btih:1D1050BEAFC06AC4D4C16FFA79A692BE4E57FF0C&dn=%E7%AC%AC%E4%B8%80%E6%9C%83%E6%89%80%E6%96%B0%E7%89%87%40SIS001%40JUVR-117-A
magnet:?xt=urn:btih:E51C49696403C9D26DA4BF59CBF7C0AB02CFEA43&dn=-NSM031
magnet:?xt=urn:btih:608185AEF8CD5A166FF1DE5C3C85B3CF2F84222B&dn=wavr00182pl
magnet:?xt=urn:btih:D8C3DF0AFBB1E7E97491BBE96530ECD07EBDBF70&dn=-SS152
magnet:?xt=urn:btih:886AA7D910B9B3C4AA8B10E40A6BAEE7F49FA4F4&dn=_macb00025
magnet:?xt=urn:btih:E84EBAA59820384A9A903779261443DD29DA27EC&dn=HMN-033
magnet:?xt=urn:btih:C3ED47BF96006EFD3EA6943E0D4567209D9D30A9&dn=hmn-032
magnet:?xt=urn:btih:9054886E40CE0C9FCEDBEC6A7F67406355734B63&dn=dasd-910
magnet:?xt=urn:btih:20ADD492991A9C1FAA06BA2F2795E3F4298ACCBB&dn=dasd-908
magnet:?xt=urn:btih:621A83442FE434735BFA2DDDEDBB0C269BA5119F&dn=dasd-906
magnet:?xt=urn:btih:5933E836ADC41B99844D31E32362791D9E89795F&dn=cjod-309
magnet:?xt=urn:btih:369C40F714B2C5C0041C8D96E0F05387FCC4265A&dn=cjod-308
magnet:?xt=urn:btih:0BF5CDF77816CB71D8B298669C723317EB61BFA4&dn=cjod-307
magnet:?xt=urn:btih:3910EE633D94EC7FCB98F7D000DCB7E835EF259C&dn=cawd-259-C
magnet:?xt=urn:btih:5CE1FDC712BE74852AEE311582343E2FC9DCADF1&dn=ure-070
magnet:?xt=urn:btih:BC453E38C5971CE65FF361CBE7FE673A6831411F&dn=mism-211
magnet:?xt=urn:btih:0C9C246136B0B4AF28E6A9E5203973ED079CB214&dn=mism-210
magnet:?xt=urn:btih:BB459AC94B45D7DCDFC8B08F94C9139F20355653&dn=mism-209
magnet:?xt=urn:btih:7CEAC4CAFC7E3779EBE09CE012803F3272658EAF&dn=dasd-911
magnet:?xt=urn:btih:890E51F88BFB79A2F1A26A549604FA4374D3B2B9&dn=etqr-271
magnet:?xt=urn:btih:A93FD8C4A4F5A3BF30575FA518800E883D3C1785&dn=etqr-270
magnet:?xt=urn:btih:DA735D7C6032F2598B8240D3FCF4FFAE5946151D&dn=jrze-070-4k
magnet:?xt=urn:btih:30B9CD44F2D92B1E30D4829A5A6C24EFEC46774C&dn=zozo-075
magnet:?xt=urn:btih:2D1B9E140EF7AB1F5701DCE7766C2BF3BB0A2766&dn=zozo-073
magnet:?xt=urn:btih:8437D375F0615FE25F62B8FBF8456CCCCCE32F8D&dn=-TIKB119
magnet:?xt=urn:btih:5DF3710343A9ABB8DA0BBCE2B33A955D712A48E5&dn=-OMHD010
magnet:?xt=urn:btih:1A47B8CB15E8F56C9AF35E1C8497449739148A90&dn=MOPP-041
magnet:?xt=urn:btih:377BE4197CB0B12B66FC74D4CCC6397513822061&dn=MGMQ-078
magnet:?xt=urn:btih:625BBD9F31E2E37B05618CDDD38F63089201D983&dn=-SKMJ197A
magnet:?xt=urn:btih:8F088971C52464584012C48423D0D5093A820869&dn=FCP-033
magnet:?xt=urn:btih:11DB1A9E10BC4FF62AC7D6BA3ACE80D54B823FBA&dn=-MHAR008
magnet:?xt=urn:btih:5AD7D1A47B12B278843D445CE1D93A494EA761B2&dn=-MHAR007
magnet:?xt=urn:btih:94032E7F505392F138351FCAC347257ED1B2BA90&dn=-NUKAX005
magnet:?xt=urn:btih:723BAB2AEA8B8139E41BB6C8035826CF7C01CACD&dn=NHDTB-562-C
magnet:?xt=urn:btih:8DBB523DFE5B44AD81E50E5FD54CC377E4E8F82D&dn=%E7%AC%AC%E4%B8%80%E6%9C%83%E6%89%80%E6%96%B0%E7%89%87%40SIS001%40SIVR-146-A
magnet:?xt=urn:btih:C3E8DFC0E57E142742DA2D242DD5CB2772BE60B9&dn=%40kavr00177.part1
magnet:?xt=urn:btih:F743552DA8CCA580F8A3F9CB1746A3B47FABEE4E&dn=%40h_1248kiwvr00257.part1
magnet:?xt=urn:btih:60E2125461260C7AB803FCB3064D1ACF499AA396&dn=erht-002
magnet:?xt=urn:btih:308012AE0855936FC5CFC274A94EF644B5EB4402&dn=PARM-167
magnet:?xt=urn:btih:22BDAAC147600BA235E5BB0260D3D05A16A83599&dn=%40h_1248kiwvr00258.part1
magnet:?xt=urn:btih:A349E8726930881B31DEB29C4F4EEDEF29D09C88&dn=%40h_1116capi00165.part1
magnet:?xt=urn:btih:7C7D960203D715489B9819006A88465536F1F67E&dn=%40exvr00429.part1
magnet:?xt=urn:btih:BB7B58261253989EB08BD05A701427220BB4E229&dn=-BNST033
magnet:?xt=urn:btih:931818EDD5F2F084551B335187FF2A0676EF6EE7&dn=-KIRM007
magnet:?xt=urn:btih:BE7D7DDC83B29085059CD4F7B807392F7E9BB5DC&dn=TEN036
magnet:?xt=urn:btih:E645D9CF7C63F61BE5568FF945E040D33AD7C7A3&dn=SPRD1432
magnet:?xt=urn:btih:2E8D807F32EF72970876FF628F9BB875380644C1&dn=MHAR006
magnet:?xt=urn:btih:6D4DA43638922C8060E5473B453B8AA0DDE93130&dn=MHAR005
magnet:?xt=urn:btih:6065F6A6AF6E7BDB0FC4D8E2027DD67DDFC52AB9&dn=%E7%AC%AC%E4%B8%80%E6%9C%83%E6%89%80%E6%96%B0%E7%89%87%40SIS001%40ABW-129
magnet:?xt=urn:btih:366B16AC9A5EC2B6694BCD40EF523215711199EC&dn=ABW-128
magnet:?xt=urn:btih:532E3940303BC1BB1B0118097541AFE7708E12D2&dn=ABW-130
magnet:?xt=urn:btih:BE897D725FC36F4EDC93606F87BC3FEDBC014380&dn=GWREN-001.mp4
magnet:?xt=urn:btih:575D19FCD29005DBC460DA11246CDDEED7A261AA&dn=TUS-099
magnet:?xt=urn:btih:12682020B2E4E4D1FCD08FCD7E5562DF7667B286&dn=PXH-033
magnet:?xt=urn:btih:D10C141AADEFA7287487293CC93D61EB324D6AEF&dn=FCP-034
magnet:?xt=urn:btih:B619B913708F8A89820678CBEFF14EBE6565686E&dn=DOCP-311
magnet:?xt=urn:btih:7CD866EAB605585736FFA98A9B20CB5F8BCCB915&dn=%E7%AC%AC%E4%B8%80%E6%9C%83%E6%89%80%E6%96%B0%E7%89%87%40SIS001%40DOCP-312
magnet:?xt=urn:btih:D619D34A23852944DFAD9B6E3F2469985A6994A2&dn=DOCP-313
magnet:?xt=urn:btih:8F788A5EFE1B9A17F12EE6EC85B7FBB5BF708708&dn=mhar-002
magnet:?xt=urn:btih:3CFA8A49C44EB5D6854432942A1BD57F7DC38B7F&dn=FSDSS-273
magnet:?xt=urn:btih:E4AFB8797EB14D9BE88C1CF8FDEB54F831821377&dn=%5B1080P%5D+FSDSS-272+%E5%B7%A8%E4%B9%B3%E4%B8%8A%E5%8F%B8%E3%81%A8%E7%AB%A5%E8%B2%9E%E9%83%A8%E4%B8%8B%E3%81%8C%E5%87%BA%E5%BC%B5%E5%85%88%E3%81%AE%E7%9B%B8%E9%83%A8%E5%B1%8B%E3%81%A7%E5%87%84%E7%B5%B6%E6%80%A7%E4%BA%A4+%E5%B0%8F%E9%87%8E%E5%A4%95%E5%AD%90
magnet:?xt=urn:btih:94C3F21BD49645D2DC843BBB4FC7324C6425F735&dn=FSDSS-271
magnet:?xt=urn:btih:9C4D115E96D74B20697228811F548245DE6004F7&dn=OVG-179-C
magnet:?xt=urn:btih:540DDF7C24F7151C78DA87F000AC7B74AB44F8E2&dn=GVH-280-C
magnet:?xt=urn:btih:877F5D20FD154159F5C604D11BA8CDBD26A5F90D&dn=GVH-279-C
magnet:?xt=urn:btih:58AE5617AB23819B093D91C409C9E371988A081F&dn=gvh-278
magnet:?xt=urn:btih:2643AA443EAED31C6526FD88AE4D3906179BC08D&dn=GVH-277-C
magnet:?xt=urn:btih:21BAFC2B89E520C597E15E7821026C60E19E0E15&dn=gvh-276
magnet:?xt=urn:btih:05E28FCA6A641882A009BC7BED9F1606128C0B19&dn=GVH-275-C
magnet:?xt=urn:btih:72040DF68C8FFDD19F78826D742413D3B96E28AD&dn=GVH-274-C
magnet:?xt=urn:btih:26242AC54A48EE3D114498A07AFDDEABE93636E0&dn=sdth-006
magnet:?xt=urn:btih:D7C0AC88028B789D6411E0D1A8DDF9C03FD700ED&dn=sdjs-124
magnet:?xt=urn:btih:BD36AF1F4FDD170D1B52EF05A2D1AE250EA1950B&dn=stars-418
magnet:?xt=urn:btih:9CC41CCB0085AABA3737B9BF21ECC481F228EE34&dn=kmhrs-048
magnet:?xt=urn:btih:40505D2D06E6726CAA680AE202B5111280C61286&dn=enki-040
magnet:?xt=urn:btih:E8BA63100806A38857A55A99D160EC2BD468EE90&dn=mkon-060
magnet:?xt=urn:btih:66C168FD8DB8616D7CCF88CB4C9B864576C38CB0&dn=homa-108
magnet:?xt=urn:btih:A8ABFBEB3B358769C63EFD9B68A3F64AEBE6AAE8&dn=cemd-050
magnet:?xt=urn:btih:BF64D71619DFA1E6C018BE0F4FFCB691FD33AF58&dn=CEMD-049.mp4
magnet:?xt=urn:btih:F0CCC108A9F446E596F827F10D2C037E23138E15&dn=CEMD-047.mp4
magnet:?xt=urn:btih:010CFB4722CD9C08260AB785D900F9D721741B05&dn=apns-254
magnet:?xt=urn:btih:53A8FDEA9E269DE23A2FF0F3B155059D2512E35F&dn=KATU-087.mp4
magnet:?xt=urn:btih:1D2219E818397F3C2659DC62F808450CB9CF6CD9&dn=flav-278
magnet:?xt=urn:btih:F489C04F5C2289BDA4F9E2C983C1B069BE875F67&dn=AVSA-177.mp4
magnet:?xt=urn:btih:957ADE3453769CF512ABB15904DA5991463B4DFB&dn=GMEM-040.mp4
magnet:?xt=urn:btih:39B6C7E133DB33BD63B0DC242256BA5E011D0EC0&dn=roe-006
magnet:?xt=urn:btih:1509884DF969B6BC75B35411F5E2E407718B3317&dn=roe-005
magnet:?xt=urn:btih:3B2647441FF6962676E75AF90C75C947CA72AE98&dn=KIR-042
magnet:?xt=urn:btih:97688C6517F76D325959EB0F4337349D3820649C&dn=NNPJ-466
magnet:?xt=urn:btih:121F3E28AABBE17434483473B3CCAEEC92E70C32&dn=nnpj-464
magnet:?xt=urn:btih:0B93419858E427BFDAA5E7B88249824DDAD64264&dn=NNPJ-463
magnet:?xt=urn:btih:B4D6CE4C5A02DD852B31EC0647D6D8E8402DB0ED&dn=HZGD-196
magnet:?xt=urn:btih:36D1CA815677ADD5135BEC02B4C13C40C2DD0F5E&dn=jul-692
magnet:?xt=urn:btih:A41700DCDE873D81951686BED387F4F6709CCC14&dn=HZGD-195
magnet:?xt=urn:btih:E6F504FD7BEC238BEA20BE61A8C84EEEC1ED2ED2&dn=jul-691
magnet:?xt=urn:btih:AB418E468ADB2A1024259C12ED71704AA46BC9D6&dn=jul-690
magnet:?xt=urn:btih:F4EE457C7FED3D263ECFBC39BC38848BBC43F77D&dn=jul-689
magnet:?xt=urn:btih:475A44E0C8069011BD428DD45C5212190783F028&dn=jul-688
magnet:?xt=urn:btih:25646416575D58331DC4842C3BCFDA7D7B245843&dn=jul-687
magnet:?xt=urn:btih:CDB415568B3A5F698A36785D6633DE780EDA7A92&dn=jul-686
magnet:?xt=urn:btih:2483F15451879BE81A7272768D608B09582EC278&dn=jul-685
magnet:?xt=urn:btih:E9780728521E2258B8DD2AB8977DFF66AFA9BA72&dn=jul-684
magnet:?xt=urn:btih:0D476ECBDD2C031E811D9CF6DD2A34DED6044EC0&dn=jul-683
magnet:?xt=urn:btih:045241840C6B45E05242909472AD0E1FCB260332&dn=jul-682
magnet:?xt=urn:btih:F2C47861B78A67658CA98741478A54C59A5C45DE&dn=jul-681
magnet:?xt=urn:btih:D2F7BBB06548F5C4C402C1F38439605A03DF62D9&dn=jul-680
magnet:?xt=urn:btih:CE6E8D93358568103ED7E65888EBB5B5FE984DF7&dn=jul-679
magnet:?xt=urn:btih:F19D6DDE984CF0207B098074A1F93F3C86FC8A7B&dn=jul-678
magnet:?xt=urn:btih:C3A3BC6FB254414ED127087234647EF65B9002CE&dn=jul-677
magnet:?xt=urn:btih:A8AE72700A6C7EEB1B68A808D34BA27E5A4050EC&dn=hnds-071
magnet:?xt=urn:btih:D105A02957ECCF43FD13B232636F22ED25C7513E&dn=hmn-038
magnet:?xt=urn:btih:4F66F18B6BE2423D0BB9B33B04FA5EA82B9CC4B8&dn=hmn-037
magnet:?xt=urn:btih:C5F8016A6B4DCDD75D6635E1D81BEA5E2D74A708&dn=hmn-036
magnet:?xt=urn:btih:E7BEC86BE6C269BD0670C257217B094F3571B61E&dn=hmn-035
magnet:?xt=urn:btih:DB5784F0486E389D9CDEF18757D22950F21C5402&dn=hmn-034
magnet:?xt=urn:btih:3CC43028A79E3D6FBB01CFE386D1BAEF6E777A08&dn=hmn-031
magnet:?xt=urn:btih:84AAFADA10241C873F6026FB8EA362CDB75658B9&dn=hmn-030
magnet:?xt=urn:btih:815F924C0F35E6B5CA847F73EE6144E4D2F0D8A4&dn=hmn-029
magnet:?xt=urn:btih:9571840AA7BABF8CC228E91B720CDBE6462C52A6&dn=hmn-028
magnet:?xt=urn:btih:EF7107D193E50072B3E78C8A4D73E000316B5FA5&dn=hmn-027
magnet:?xt=urn:btih:BCB7B385D6EA157B62C02E97539E8B11A6B21236&dn=hmn-026
magnet:?xt=urn:btih:719197FCAD27F5237975CAAFCB1FA2FDA2C336C0&dn=dasd-907
magnet:?xt=urn:btih:05B294FB40B09C5850C881988F4296D87CA0B95E&dn=dasd-905
magnet:?xt=urn:btih:2E759C6B369A3AC4E138CE7BAA9D9810D13E920C&dn=cawd-275
magnet:?xt=urn:btih:CC995AE0B00DD4F8542E3E19C70C51FE07DEB033&dn=cawd-274
magnet:?xt=urn:btih:61BE478F0DAD9287F3DD5C9F820A1157258894E3&dn=cawd-270
magnet:?xt=urn:btih:DEE60296B873C78E4EF2CFEA6847F0B5603F18C8&dn=cawd-269
magnet:?xt=urn:btih:262014E0473F42495AC6AF41806566E1E5813438&dn=cawd-267
magnet:?xt=urn:btih:5CB7FDF8840D380DD7F636BADEE3253EAC8D318A&dn=cawd-266
magnet:?xt=urn:btih:DC40BFE6635F98B65695F6062F26BC4AB9D30466&dn=cawd-265
magnet:?xt=urn:btih:7E96BBA2722D25C91A6A0CE31546B163ECC193B1&dn=cawd-264
magnet:?xt=urn:btih:E47E0FC59B2A04A4A3CEACE5392E32559CC09F71&dn=cawd-263
magnet:?xt=urn:btih:39977E14575F6A9459DB6A54D782441C03FC7DC0&dn=cawd-262
magnet:?xt=urn:btih:97F12C4BBE6BF5EAE6578D25FF2F774F54D0243F&dn=cawd-261
magnet:?xt=urn:btih:53DFA589A89A07FA2FB8CDB5284D456E354DC36B&dn=CAWD-260-C
magnet:?xt=urn:btih:7A2E9A6601DD6D02224827937676AF4768DBD20C&dn=dasd-909
magnet:?xt=urn:btih:E9CCE1F4CEF53B63DDE2B185A735D851491B8D89&dn=akdl-133
magnet:?xt=urn:btih:630E0888AF9906EA8EB33551F3C30B0A10D11BEA&dn=akdl-134
magnet:?xt=urn:btih:DD3332D1C1047F91B80C330956A035B1AD547427&dn=akdl-132
magnet:?xt=urn:btih:1169D994DF4C6BD20F7C412E50D57425A8A95651&dn=JRZE-071
magnet:?xt=urn:btih:B9B7ED17D7E6F354C53000CC516815E8953AF26E&dn=HTHD-189
magnet:?xt=urn:btih:FCB8AAD4978F3E9E12B51E447305F9E785E81CE8&dn=cvdx-460
magnet:?xt=urn:btih:59AEDAC01B82833374FA8F602C5DD63057EB9A69&dn=rvg-139
magnet:?xt=urn:btih:A6467F1AF32B4B588A018A014F130A3E8D5B300A&dn=rvg-138
magnet:?xt=urn:btih:764F9DDB97DAC50F4E139C4086FF1386BE174398&dn=HD_STARS-387
magnet:?xt=urn:btih:CC08741C35B1CB32925D61F3AC14FE70BBC53034&dn=-FCP-032
magnet:?xt=urn:btih:F33B0E1155252C18BC45FEF2E573AA0BB394F19A&dn=h_1270ccvr00076pl
magnet:?xt=urn:btih:14DEBD12E3F5A080809616564544ABD0BB59481A&dn=1dlvss00001pl
magnet:?xt=urn:btih:4BB44581A79EA6C987B6746A5F47D30F1BDE8333&dn=%E7%AC%AC%E4%B8%80%E6%9C%83%E6%89%80%E6%96%B0%E7%89%87%40SIS001%40NKKVR-009-A
magnet:?xt=urn:btih:EDF4A3BD8C768F396CC30CBEAF89EBF1AF46DEE5&dn=mdvr00171pl
magnet:?xt=urn:btih:1D1050BEAFC06AC4D4C16FFA79A692BE4E57FF0C&dn=%E7%AC%AC%E4%B8%80%E6%9C%83%E6%89%80%E6%96%B0%E7%89%87%40SIS001%40JUVR-117-A
magnet:?xt=urn:btih:E51C49696403C9D26DA4BF59CBF7C0AB02CFEA43&dn=-NSM031
magnet:?xt=urn:btih:608185AEF8CD5A166FF1DE5C3C85B3CF2F84222B&dn=wavr00182pl
magnet:?xt=urn:btih:D8C3DF0AFBB1E7E97491BBE96530ECD07EBDBF70&dn=-SS152
magnet:?xt=urn:btih:886AA7D910B9B3C4AA8B10E40A6BAEE7F49FA4F4&dn=_macb00025
magnet:?xt=urn:btih:E84EBAA59820384A9A903779261443DD29DA27EC&dn=HMN-033
magnet:?xt=urn:btih:C3ED47BF96006EFD3EA6943E0D4567209D9D30A9&dn=hmn-032
magnet:?xt=urn:btih:9054886E40CE0C9FCEDBEC6A7F67406355734B63&dn=dasd-910
magnet:?xt=urn:btih:20ADD492991A9C1FAA06BA2F2795E3F4298ACCBB&dn=dasd-908
magnet:?xt=urn:btih:621A83442FE434735BFA2DDDEDBB0C269BA5119F&dn=dasd-906
magnet:?xt=urn:btih:5933E836ADC41B99844D31E32362791D9E89795F&dn=cjod-309
magnet:?xt=urn:btih:369C40F714B2C5C0041C8D96E0F05387FCC4265A&dn=cjod-308
magnet:?xt=urn:btih:0BF5CDF77816CB71D8B298669C723317EB61BFA4&dn=cjod-307
magnet:?xt=urn:btih:3910EE633D94EC7FCB98F7D000DCB7E835EF259C&dn=cawd-259-C
magnet:?xt=urn:btih:5CE1FDC712BE74852AEE311582343E2FC9DCADF1&dn=ure-070
magnet:?xt=urn:btih:BC453E38C5971CE65FF361CBE7FE673A6831411F&dn=mism-211
magnet:?xt=urn:btih:0C9C246136B0B4AF28E6A9E5203973ED079CB214&dn=mism-210
magnet:?xt=urn:btih:BB459AC94B45D7DCDFC8B08F94C9139F20355653&dn=mism-209
magnet:?xt=urn:btih:7CEAC4CAFC7E3779EBE09CE012803F3272658EAF&dn=dasd-911
magnet:?xt=urn:btih:890E51F88BFB79A2F1A26A549604FA4374D3B2B9&dn=etqr-271
magnet:?xt=urn:btih:A93FD8C4A4F5A3BF30575FA518800E883D3C1785&dn=etqr-270
magnet:?xt=urn:btih:DA735D7C6032F2598B8240D3FCF4FFAE5946151D&dn=jrze-070-4k
magnet:?xt=urn:btih:30B9CD44F2D92B1E30D4829A5A6C24EFEC46774C&dn=zozo-075
magnet:?xt=urn:btih:2D1B9E140EF7AB1F5701DCE7766C2BF3BB0A2766&dn=zozo-073
magnet:?xt=urn:btih:8437D375F0615FE25F62B8FBF8456CCCCCE32F8D&dn=-TIKB119
magnet:?xt=urn:btih:5DF3710343A9ABB8DA0BBCE2B33A955D712A48E5&dn=-OMHD010
magnet:?xt=urn:btih:1A47B8CB15E8F56C9AF35E1C8497449739148A90&dn=MOPP-041
magnet:?xt=urn:btih:377BE4197CB0B12B66FC74D4CCC6397513822061&dn=MGMQ-078
magnet:?xt=urn:btih:625BBD9F31E2E37B05618CDDD38F63089201D983&dn=-SKMJ197A
magnet:?xt=urn:btih:8F088971C52464584012C48423D0D5093A820869&dn=FCP-033
magnet:?xt=urn:btih:11DB1A9E10BC4FF62AC7D6BA3ACE80D54B823FBA&dn=-MHAR008
magnet:?xt=urn:btih:5AD7D1A47B12B278843D445CE1D93A494EA761B2&dn=-MHAR007
magnet:?xt=urn:btih:94032E7F505392F138351FCAC347257ED1B2BA90&dn=-NUKAX005
magnet:?xt=urn:btih:723BAB2AEA8B8139E41BB6C8035826CF7C01CACD&dn=NHDTB-562-C
magnet:?xt=urn:btih:8DBB523DFE5B44AD81E50E5FD54CC377E4E8F82D&dn=%E7%AC%AC%E4%B8%80%E6%9C%83%E6%89%80%E6%96%B0%E7%89%87%40SIS001%40SIVR-146-A
magnet:?xt=urn:btih:C3E8DFC0E57E142742DA2D242DD5CB2772BE60B9&dn=%40kavr00177.part1
magnet:?xt=urn:btih:F743552DA8CCA580F8A3F9CB1746A3B47FABEE4E&dn=%40h_1248kiwvr00257.part1
magnet:?xt=urn:btih:60E2125461260C7AB803FCB3064D1ACF499AA396&dn=erht-002
magnet:?xt=urn:btih:308012AE0855936FC5CFC274A94EF644B5EB4402&dn=PARM-167
magnet:?xt=urn:btih:22BDAAC147600BA235E5BB0260D3D05A16A83599&dn=%40h_1248kiwvr00258.part1
magnet:?xt=urn:btih:A349E8726930881B31DEB29C4F4EEDEF29D09C88&dn=%40h_1116capi00165.part1
magnet:?xt=urn:btih:7C7D960203D715489B9819006A88465536F1F67E&dn=%40exvr00429.part1
magnet:?xt=urn:btih:BB7B58261253989EB08BD05A701427220BB4E229&dn=-BNST033
magnet:?xt=urn:btih:931818EDD5F2F084551B335187FF2A0676EF6EE7&dn=-KIRM007
magnet:?xt=urn:btih:BE7D7DDC83B29085059CD4F7B807392F7E9BB5DC&dn=TEN036
magnet:?xt=urn:btih:E645D9CF7C63F61BE5568FF945E040D33AD7C7A3&dn=SPRD1432
magnet:?xt=urn:btih:2E8D807F32EF72970876FF628F9BB875380644C1&dn=MHAR006
magnet:?xt=urn:btih:6D4DA43638922C8060E5473B453B8AA0DDE93130&dn=MHAR005
magnet:?xt=urn:btih:6065F6A6AF6E7BDB0FC4D8E2027DD67DDFC52AB9&dn=%E7%AC%AC%E4%B8%80%E6%9C%83%E6%89%80%E6%96%B0%E7%89%87%40SIS001%40ABW-129
magnet:?xt=urn:btih:366B16AC9A5EC2B6694BCD40EF523215711199EC&dn=ABW-128
magnet:?xt=urn:btih:532E3940303BC1BB1B0118097541AFE7708E12D2&dn=ABW-130
magnet:?xt=urn:btih:BE897D725FC36F4EDC93606F87BC3FEDBC014380&dn=GWREN-001.mp4
magnet:?xt=urn:btih:575D19FCD29005DBC460DA11246CDDEED7A261AA&dn=TUS-099
magnet:?xt=urn:btih:12682020B2E4E4D1FCD08FCD7E5562DF7667B286&dn=PXH-033
magnet:?xt=urn:btih:D10C141AADEFA7287487293CC93D61EB324D6AEF&dn=FCP-034
magnet:?xt=urn:btih:B619B913708F8A89820678CBEFF14EBE6565686E&dn=DOCP-311
magnet:?xt=urn:btih:7CD866EAB605585736FFA98A9B20CB5F8BCCB915&dn=%E7%AC%AC%E4%B8%80%E6%9C%83%E6%89%80%E6%96%B0%E7%89%87%40SIS001%40DOCP-312
magnet:?xt=urn:btih:D619D34A23852944DFAD9B6E3F2469985A6994A2&dn=DOCP-313
magnet:?xt=urn:btih:8F788A5EFE1B9A17F12EE6EC85B7FBB5BF708708&dn=mhar-002
magnet:?xt=urn:btih:3CFA8A49C44EB5D6854432942A1BD57F7DC38B7F&dn=FSDSS-273
magnet:?xt=urn:btih:E4AFB8797EB14D9BE88C1CF8FDEB54F831821377&dn=%5B1080P%5D+FSDSS-272+%E5%B7%A8%E4%B9%B3%E4%B8%8A%E5%8F%B8%E3%81%A8%E7%AB%A5%E8%B2%9E%E9%83%A8%E4%B8%8B%E3%81%8C%E5%87%BA%E5%BC%B5%E5%85%88%E3%81%AE%E7%9B%B8%E9%83%A8%E5%B1%8B%E3%81%A7%E5%87%84%E7%B5%B6%E6%80%A7%E4%BA%A4+%E5%B0%8F%E9%87%8E%E5%A4%95%E5%AD%90
magnet:?xt=urn:btih:94C3F21BD49645D2DC843BBB4FC7324C6425F735&dn=FSDSS-271
magnet:?xt=urn:btih:9C4D115E96D74B20697228811F548245DE6004F7&dn=OVG-179-C
magnet:?xt=urn:btih:540DDF7C24F7151C78DA87F000AC7B74AB44F8E2&dn=GVH-280-C
magnet:?xt=urn:btih:877F5D20FD154159F5C604D11BA8CDBD26A5F90D&dn=GVH-279-C
magnet:?xt=urn:btih:58AE5617AB23819B093D91C409C9E371988A081F&dn=gvh-278
magnet:?xt=urn:btih:2643AA443EAED31C6526FD88AE4D3906179BC08D&dn=GVH-277-C
magnet:?xt=urn:btih:21BAFC2B89E520C597E15E7821026C60E19E0E15&dn=gvh-276
magnet:?xt=urn:btih:05E28FCA6A641882A009BC7BED9F1606128C0B19&dn=GVH-275-C
magnet:?xt=urn:btih:72040DF68C8FFDD19F78826D742413D3B96E28AD&dn=GVH-274-C
magnet:?xt=urn:btih:26242AC54A48EE3D114498A07AFDDEABE93636E0&dn=sdth-006
magnet:?xt=urn:btih:D7C0AC88028B789D6411E0D1A8DDF9C03FD700ED&dn=sdjs-124
magnet:?xt=urn:btih:BD36AF1F4FDD170D1B52EF05A2D1AE250EA1950B&dn=stars-418
magnet:?xt=urn:btih:9CC41CCB0085AABA3737B9BF21ECC481F228EE34&dn=kmhrs-048
magnet:?xt=urn:btih:40505D2D06E6726CAA680AE202B5111280C61286&dn=enki-040
magnet:?xt=urn:btih:E8BA63100806A38857A55A99D160EC2BD468EE90&dn=mkon-060
magnet:?xt=urn:btih:66C168FD8DB8616D7CCF88CB4C9B864576C38CB0&dn=homa-108
magnet:?xt=urn:btih:A8ABFBEB3B358769C63EFD9B68A3F64AEBE6AAE8&dn=cemd-050
magnet:?xt=urn:btih:BF64D71619DFA1E6C018BE0F4FFCB691FD33AF58&dn=CEMD-049.mp4
magnet:?xt=urn:btih:F0CCC108A9F446E596F827F10D2C037E23138E15&dn=CEMD-047.mp4
magnet:?xt=urn:btih:010CFB4722CD9C08260AB785D900F9D721741B05&dn=apns-254
magnet:?xt=urn:btih:53A8FDEA9E269DE23A2FF0F3B155059D2512E35F&dn=KATU-087.mp4
magnet:?xt=urn:btih:1D2219E818397F3C2659DC62F808450CB9CF6CD9&dn=flav-278
magnet:?xt=urn:btih:F489C04F5C2289BDA4F9E2C983C1B069BE875F67&dn=AVSA-177.mp4
magnet:?xt=urn:btih:957ADE3453769CF512ABB15904DA5991463B4DFB&dn=GMEM-040.mp4
magnet:?xt=urn:btih:39B6C7E133DB33BD63B0DC242256BA5E011D0EC0&dn=roe-006
magnet:?xt=urn:btih:1509884DF969B6BC75B35411F5E2E407718B3317&dn=roe-005
magnet:?xt=urn:btih:3B2647441FF6962676E75AF90C75C947CA72AE98&dn=KIR-042
magnet:?xt=urn:btih:97688C6517F76D325959EB0F4337349D3820649C&dn=NNPJ-466
magnet:?xt=urn:btih:121F3E28AABBE17434483473B3CCAEEC92E70C32&dn=nnpj-464
magnet:?xt=urn:btih:0B93419858E427BFDAA5E7B88249824DDAD64264&dn=NNPJ-463
magnet:?xt=urn:btih:B4D6CE4C5A02DD852B31EC0647D6D8E8402DB0ED&dn=HZGD-196
magnet:?xt=urn:btih:36D1CA815677ADD5135BEC02B4C13C40C2DD0F5E&dn=jul-692
magnet:?xt=urn:btih:A41700DCDE873D81951686BED387F4F6709CCC14&dn=HZGD-195
magnet:?xt=urn:btih:E6F504FD7BEC238BEA20BE61A8C84EEEC1ED2ED2&dn=jul-691
magnet:?xt=urn:btih:AB418E468ADB2A1024259C12ED71704AA46BC9D6&dn=jul-690
magnet:?xt=urn:btih:F4EE457C7FED3D263ECFBC39BC38848BBC43F77D&dn=jul-689
magnet:?xt=urn:btih:475A44E0C8069011BD428DD45C5212190783F028&dn=jul-688
magnet:?xt=urn:btih:25646416575D58331DC4842C3BCFDA7D7B245843&dn=jul-687
magnet:?xt=urn:btih:CDB415568B3A5F698A36785D6633DE780EDA7A92&dn=jul-686
magnet:?xt=urn:btih:2483F15451879BE81A7272768D608B09582EC278&dn=jul-685
magnet:?xt=urn:btih:E9780728521E2258B8DD2AB8977DFF66AFA9BA72&dn=jul-684
magnet:?xt=urn:btih:0D476ECBDD2C031E811D9CF6DD2A34DED6044EC0&dn=jul-683
magnet:?xt=urn:btih:045241840C6B45E05242909472AD0E1FCB260332&dn=jul-682
magnet:?xt=urn:btih:F2C47861B78A67658CA98741478A54C59A5C45DE&dn=jul-681
magnet:?xt=urn:btih:D2F7BBB06548F5C4C402C1F38439605A03DF62D9&dn=jul-680
magnet:?xt=urn:btih:CE6E8D93358568103ED7E65888EBB5B5FE984DF7&dn=jul-679
magnet:?xt=urn:btih:F19D6DDE984CF0207B098074A1F93F3C86FC8A7B&dn=jul-678
magnet:?xt=urn:btih:C3A3BC6FB254414ED127087234647EF65B9002CE&dn=jul-677
magnet:?xt=urn:btih:A8AE72700A6C7EEB1B68A808D34BA27E5A4050EC&dn=hnds-071
magnet:?xt=urn:btih:D105A02957ECCF43FD13B232636F22ED25C7513E&dn=hmn-038
magnet:?xt=urn:btih:4F66F18B6BE2423D0BB9B33B04FA5EA82B9CC4B8&dn=hmn-037
magnet:?xt=urn:btih:C5F8016A6B4DCDD75D6635E1D81BEA5E2D74A708&dn=hmn-036
magnet:?xt=urn:btih:E7BEC86BE6C269BD0670C257217B094F3571B61E&dn=hmn-035
magnet:?xt=urn:btih:DB5784F0486E389D9CDEF18757D22950F21C5402&dn=hmn-034
magnet:?xt=urn:btih:3CC43028A79E3D6FBB01CFE386D1BAEF6E777A08&dn=hmn-031
magnet:?xt=urn:btih:84AAFADA10241C873F6026FB8EA362CDB75658B9&dn=hmn-030
magnet:?xt=urn:btih:815F924C0F35E6B5CA847F73EE6144E4D2F0D8A4&dn=hmn-029
magnet:?xt=urn:btih:9571840AA7BABF8CC228E91B720CDBE6462C52A6&dn=hmn-028
magnet:?xt=urn:btih:EF7107D193E50072B3E78C8A4D73E000316B5FA5&dn=hmn-027
magnet:?xt=urn:btih:BCB7B385D6EA157B62C02E97539E8B11A6B21236&dn=hmn-026
magnet:?xt=urn:btih:719197FCAD27F5237975CAAFCB1FA2FDA2C336C0&dn=dasd-907
magnet:?xt=urn:btih:05B294FB40B09C5850C881988F4296D87CA0B95E&dn=dasd-905
magnet:?xt=urn:btih:2E759C6B369A3AC4E138CE7BAA9D9810D13E920C&dn=cawd-275
magnet:?xt=urn:btih:CC995AE0B00DD4F8542E3E19C70C51FE07DEB033&dn=cawd-274
magnet:?xt=urn:btih:61BE478F0DAD9287F3DD5C9F820A1157258894E3&dn=cawd-270
magnet:?xt=urn:btih:DEE60296B873C78E4EF2CFEA6847F0B5603F18C8&dn=cawd-269
magnet:?xt=urn:btih:262014E0473F42495AC6AF41806566E1E5813438&dn=cawd-267
magnet:?xt=urn:btih:5CB7FDF8840D380DD7F636BADEE3253EAC8D318A&dn=cawd-266
magnet:?xt=urn:btih:DC40BFE6635F98B65695F6062F26BC4AB9D30466&dn=cawd-265
magnet:?xt=urn:btih:7E96BBA2722D25C91A6A0CE31546B163ECC193B1&dn=cawd-264
magnet:?xt=urn:btih:E47E0FC59B2A04A4A3CEACE5392E32559CC09F71&dn=cawd-263
magnet:?xt=urn:btih:39977E14575F6A9459DB6A54D782441C03FC7DC0&dn=cawd-262
magnet:?xt=urn:btih:97F12C4BBE6BF5EAE6578D25FF2F774F54D0243F&dn=cawd-261
magnet:?xt=urn:btih:53DFA589A89A07FA2FB8CDB5284D456E354DC36B&dn=CAWD-260-C
magnet:?xt=urn:btih:7A2E9A6601DD6D02224827937676AF4768DBD20C&dn=dasd-909
magnet:?xt=urn:btih:E9CCE1F4CEF53B63DDE2B185A735D851491B8D89&dn=akdl-133
magnet:?xt=urn:btih:630E0888AF9906EA8EB33551F3C30B0A10D11BEA&dn=akdl-134
magnet:?xt=urn:btih:DD3332D1C1047F91B80C330956A035B1AD547427&dn=akdl-132
magnet:?xt=urn:btih:1169D994DF4C6BD20F7C412E50D57425A8A95651&dn=JRZE-071
magnet:?xt=urn:btih:B9B7ED17D7E6F354C53000CC516815E8953AF26E&dn=HTHD-189
magnet:?xt=urn:btih:FCB8AAD4978F3E9E12B51E447305F9E785E81CE8&dn=cvdx-460
magnet:?xt=urn:btih:59AEDAC01B82833374FA8F602C5DD63057EB9A69&dn=rvg-139
magnet:?xt=urn:btih:A6467F1AF32B4B588A018A014F130A3E8D5B300A&dn=rvg-138
magnet:?xt=urn:btih:764F9DDB97DAC50F4E139C4086FF1386BE174398&dn=HD_STARS-387
magnet:?xt=urn:btih:CC08741C35B1CB32925D61F3AC14FE70BBC53034&dn=-FCP-032
magnet:?xt=urn:btih:F33B0E1155252C18BC45FEF2E573AA0BB394F19A&dn=h_1270ccvr00076pl
magnet:?xt=urn:btih:14DEBD12E3F5A080809616564544ABD0BB59481A&dn=1dlvss00001pl
magnet:?xt=urn:btih:4BB44581A79EA6C987B6746A5F47D30F1BDE8333&dn=%E7%AC%AC%E4%B8%80%E6%9C%83%E6%89%80%E6%96%B0%E7%89%87%40SIS001%40NKKVR-009-A
magnet:?xt=urn:btih:EDF4A3BD8C768F396CC30CBEAF89EBF1AF46DEE5&dn=mdvr00171pl
magnet:?xt=urn:btih:1D1050BEAFC06AC4D4C16FFA79A692BE4E57FF0C&dn=%E7%AC%AC%E4%B8%80%E6%9C%83%E6%89%80%E6%96%B0%E7%89%87%40SIS001%40JUVR-117-A
magnet:?xt=urn:btih:E51C49696403C9D26DA4BF59CBF7C0AB02CFEA43&dn=-NSM031
magnet:?xt=urn:btih:608185AEF8CD5A166FF1DE5C3C85B3CF2F84222B&dn=wavr00182pl
magnet:?xt=urn:btih:D8C3DF0AFBB1E7E97491BBE96530ECD07EBDBF70&dn=-SS152
magnet:?xt=urn:btih:886AA7D910B9B3C4AA8B10E40A6BAEE7F49FA4F4&dn=_macb00025
magnet:?xt=urn:btih:E84EBAA59820384A9A903779261443DD29DA27EC&dn=HMN-033
magnet:?xt=urn:btih:C3ED47BF96006EFD3EA6943E0D4567209D9D30A9&dn=hmn-032
magnet:?xt=urn:btih:9054886E40CE0C9FCEDBEC6A7F67406355734B63&dn=dasd-910
magnet:?xt=urn:btih:20ADD492991A9C1FAA06BA2F2795E3F4298ACCBB&dn=dasd-908
magnet:?xt=urn:btih:621A83442FE434735BFA2DDDEDBB0C269BA5119F&dn=dasd-906
magnet:?xt=urn:btih:5933E836ADC41B99844D31E32362791D9E89795F&dn=cjod-309
magnet:?xt=urn:btih:369C40F714B2C5C0041C8D96E0F05387FCC4265A&dn=cjod-308
magnet:?xt=urn:btih:0BF5CDF77816CB71D8B298669C723317EB61BFA4&dn=cjod-307
magnet:?xt=urn:btih:3910EE633D94EC7FCB98F7D000DCB7E835EF259C&dn=cawd-259-C
magnet:?xt=urn:btih:5CE1FDC712BE74852AEE311582343E2FC9DCADF1&dn=ure-070
magnet:?xt=urn:btih:BC453E38C5971CE65FF361CBE7FE673A6831411F&dn=mism-211
magnet:?xt=urn:btih:0C9C246136B0B4AF28E6A9E5203973ED079CB214&dn=mism-210
magnet:?xt=urn:btih:BB459AC94B45D7DCDFC8B08F94C9139F20355653&dn=mism-209
magnet:?xt=urn:btih:7CEAC4CAFC7E3779EBE09CE012803F3272658EAF&dn=dasd-911
magnet:?xt=urn:btih:890E51F88BFB79A2F1A26A549604FA4374D3B2B9&dn=etqr-271
magnet:?xt=urn:btih:A93FD8C4A4F5A3BF30575FA518800E883D3C1785&dn=etqr-270
magnet:?xt=urn:btih:DA735D7C6032F2598B8240D3FCF4FFAE5946151D&dn=jrze-070-4k
magnet:?xt=urn:btih:30B9CD44F2D92B1E30D4829A5A6C24EFEC46774C&dn=zozo-075
magnet:?xt=urn:btih:2D1B9E140EF7AB1F5701DCE7766C2BF3BB0A2766&dn=zozo-073
magnet:?xt=urn:btih:8437D375F0615FE25F62B8FBF8456CCCCCE32F8D&dn=-TIKB119
magnet:?xt=urn:btih:5DF3710343A9ABB8DA0BBCE2B33A955D712A48E5&dn=-OMHD010
magnet:?xt=urn:btih:1A47B8CB15E8F56C9AF35E1C8497449739148A90&dn=MOPP-041
magnet:?xt=urn:btih:377BE4197CB0B12B66FC74D4CCC6397513822061&dn=MGMQ-078
magnet:?xt=urn:btih:625BBD9F31E2E37B05618CDDD38F63089201D983&dn=-SKMJ197A
magnet:?xt=urn:btih:8F088971C52464584012C48423D0D5093A820869&dn=FCP-033
magnet:?xt=urn:btih:11DB1A9E10BC4FF62AC7D6BA3ACE80D54B823FBA&dn=-MHAR008
magnet:?xt=urn:btih:5AD7D1A47B12B278843D445CE1D93A494EA761B2&dn=-MHAR007
magnet:?xt=urn:btih:94032E7F505392F138351FCAC347257ED1B2BA90&dn=-NUKAX005
magnet:?xt=urn:btih:723BAB2AEA8B8139E41BB6C8035826CF7C01CACD&dn=NHDTB-562-C
magnet:?xt=urn:btih:8DBB523DFE5B44AD81E50E5FD54CC377E4E8F82D&dn=%E7%AC%AC%E4%B8%80%E6%9C%83%E6%89%80%E6%96%B0%E7%89%87%40SIS001%40SIVR-146-A
magnet:?xt=urn:btih:C3E8DFC0E57E142742DA2D242DD5CB2772BE60B9&dn=%40kavr00177.part1
magnet:?xt=urn:btih:F743552DA8CCA580F8A3F9CB1746A3B47FABEE4E&dn=%40h_1248kiwvr00257.part1
magnet:?xt=urn:btih:60E2125461260C7AB803FCB3064D1ACF499AA396&dn=erht-002
magnet:?xt=urn:btih:308012AE0855936FC5CFC274A94EF644B5EB4402&dn=PARM-167
magnet:?xt=urn:btih:22BDAAC147600BA235E5BB0260D3D05A16A83599&dn=%40h_1248kiwvr00258.part1
magnet:?xt=urn:btih:A349E8726930881B31DEB29C4F4EEDEF29D09C88&dn=%40h_1116capi00165.part1
magnet:?xt=urn:btih:7C7D960203D715489B9819006A88465536F1F67E&dn=%40exvr00429.part1
magnet:?xt=urn:btih:BB7B58261253989EB08BD05A701427220BB4E229&dn=-BNST033
magnet:?xt=urn:btih:931818EDD5F2F084551B335187FF2A0676EF6EE7&dn=-KIRM007
magnet:?xt=urn:btih:BE7D7DDC83B29085059CD4F7B807392F7E9BB5DC&dn=TEN036
magnet:?xt=urn:btih:E645D9CF7C63F61BE5568FF945E040D33AD7C7A3&dn=SPRD1432
magnet:?xt=urn:btih:2E8D807F32EF72970876FF628F9BB875380644C1&dn=MHAR006
magnet:?xt=urn:btih:6D4DA43638922C8060E5473B453B8AA0DDE93130&dn=MHAR005
magnet:?xt=urn:btih:6065F6A6AF6E7BDB0FC4D8E2027DD67DDFC52AB9&dn=%E7%AC%AC%E4%B8%80%E6%9C%83%E6%89%80%E6%96%B0%E7%89%87%40SIS001%40ABW-129
magnet:?xt=urn:btih:366B16AC9A5EC2B6694BCD40EF523215711199EC&dn=ABW-128
magnet:?xt=urn:btih:532E3940303BC1BB1B0118097541AFE7708E12D2&dn=ABW-130
magnet:?xt=urn:btih:BE897D725FC36F4EDC93606F87BC3FEDBC014380&dn=GWREN-001.mp4
magnet:?xt=urn:btih:575D19FCD29005DBC460DA11246CDDEED7A261AA&dn=TUS-099
magnet:?xt=urn:btih:12682020B2E4E4D1FCD08FCD7E5562DF7667B286&dn=PXH-033
magnet:?xt=urn:btih:D10C141AADEFA7287487293CC93D61EB324D6AEF&dn=FCP-034
magnet:?xt=urn:btih:B619B913708F8A89820678CBEFF14EBE6565686E&dn=DOCP-311
magnet:?xt=urn:btih:7CD866EAB605585736FFA98A9B20CB5F8BCCB915&dn=%E7%AC%AC%E4%B8%80%E6%9C%83%E6%89%80%E6%96%B0%E7%89%87%40SIS001%40DOCP-312
magnet:?xt=urn:btih:D619D34A23852944DFAD9B6E3F2469985A6994A2&dn=DOCP-313
magnet:?xt=urn:btih:8F788A5EFE1B9A17F12EE6EC85B7FBB5BF708708&dn=mhar-002
magnet:?xt=urn:btih:3CFA8A49C44EB5D6854432942A1BD57F7DC38B7F&dn=FSDSS-273
magnet:?xt=urn:btih:E4AFB8797EB14D9BE88C1CF8FDEB54F831821377&dn=%5B1080P%5D+FSDSS-272+%E5%B7%A8%E4%B9%B3%E4%B8%8A%E5%8F%B8%E3%81%A8%E7%AB%A5%E8%B2%9E%E9%83%A8%E4%B8%8B%E3%81%8C%E5%87%BA%E5%BC%B5%E5%85%88%E3%81%AE%E7%9B%B8%E9%83%A8%E5%B1%8B%E3%81%A7%E5%87%84%E7%B5%B6%E6%80%A7%E4%BA%A4+%E5%B0%8F%E9%87%8E%E5%A4%95%E5%AD%90
magnet:?xt=urn:btih:94C3F21BD49645D2DC843BBB4FC7324C6425F735&dn=FSDSS-271
magnet:?xt=urn:btih:9C4D115E96D74B20697228811F548245DE6004F7&dn=OVG-179-C
magnet:?xt=urn:btih:540DDF7C24F7151C78DA87F000AC7B74AB44F8E2&dn=GVH-280-C
magnet:?xt=urn:btih:877F5D20FD154159F5C604D11BA8CDBD26A5F90D&dn=GVH-279-C
magnet:?xt=urn:btih:58AE5617AB23819B093D91C409C9E371988A081F&dn=gvh-278
magnet:?xt=urn:btih:2643AA443EAED31C6526FD88AE4D3906179BC08D&dn=GVH-277-C
magnet:?xt=urn:btih:21BAFC2B89E520C597E15E7821026C60E19E0E15&dn=gvh-276
magnet:?xt=urn:btih:05E28FCA6A641882A009BC7BED9F1606128C0B19&dn=GVH-275-C
magnet:?xt=urn:btih:72040DF68C8FFDD19F78826D742413D3B96E28AD&dn=GVH-274-C
magnet:?xt=urn:btih:26242AC54A48EE3D114498A07AFDDEABE93636E0&dn=sdth-006
magnet:?xt=urn:btih:D7C0AC88028B789D6411E0D1A8DDF9C03FD700ED&dn=sdjs-124
magnet:?xt=urn:btih:BD36AF1F4FDD170D1B52EF05A2D1AE250EA1950B&dn=stars-418
magnet:?xt=urn:btih:9CC41CCB0085AABA3737B9BF21ECC481F228EE34&dn=kmhrs-048
